<?xml version="1.0" encoding="UTF-8"?>
<testng-results skipped="0" failed="1" total="1" passed="0">
  <reporter-output>
  </reporter-output>
  <suite name="Default suite" duration-ms="42653" started-at="2016-04-06T10:37:53Z" finished-at="2016-04-06T10:38:36Z">
    <groups>
    </groups>
    <test name="Default test" duration-ms="42653" started-at="2016-04-06T10:37:53Z" finished-at="2016-04-06T10:38:36Z">
      <class name="comcast.test.homepage.VerifyHomePageContent">
        <test-method status="PASS" signature="suiteSetUp()[pri:0, instance:comcast.test.homepage.VerifyHomePageContent@25b7715d]" name="suiteSetUp" is-config="true" duration-ms="11" started-at="2016-04-06T16:07:53Z" finished-at="2016-04-06T16:07:53Z">
          <reporter-output>
          </reporter-output>
        </test-method> <!-- suiteSetUp -->
        <test-method status="PASS" signature="setUp()[pri:0, instance:comcast.test.homepage.VerifyHomePageContent@25b7715d]" name="setUp" is-config="true" duration-ms="4105" started-at="2016-04-06T16:07:53Z" finished-at="2016-04-06T16:07:57Z">
          <reporter-output>
          </reporter-output>
        </test-method> <!-- setUp -->
        <test-method status="FAIL" signature="Step01_NavigeteToURL()[pri:1, instance:comcast.test.homepage.VerifyHomePageContent@25b7715d]" name="Step01_NavigeteToURL" duration-ms="37214" started-at="2016-04-06T16:07:57Z" description="Step 1: Open the browser, Enter the Watchable URL" finished-at="2016-04-06T16:08:35Z">
          <exception class="java.lang.AssertionError">
            <message>
              <![CDATA[Failed to navigate to Watchable Mobile web Home Page expected [true] but found [false]]]>
            </message>
            <full-stacktrace>
              <![CDATA[java.lang.AssertionError: Failed to navigate to Watchable Mobile web Home Page expected [true] but found [false]
	at org.testng.Assert.fail(Assert.java:94)
	at org.testng.Assert.failNotEquals(Assert.java:513)
	at org.testng.Assert.assertTrue(Assert.java:42)
	at comcast.common.asserts.Assertions.assertWatchableTitle(Assertions.java:31)
	at comcast.test.homepage.VerifyHomePageContent.Step01_NavigeteToURL(VerifyHomePageContent.java:39)
	at sun.reflect.NativeMethodAccessorImpl.invoke0(Native Method)
	at sun.reflect.NativeMethodAccessorImpl.invoke(Unknown Source)
	at sun.reflect.DelegatingMethodAccessorImpl.invoke(Unknown Source)
	at java.lang.reflect.Method.invoke(Unknown Source)
	at org.testng.internal.MethodInvocationHelper.invokeMethod(MethodInvocationHelper.java:86)
	at org.testng.internal.Invoker.invokeMethod(Invoker.java:645)
	at org.testng.internal.Invoker.invokeTestMethod(Invoker.java:822)
	at org.testng.internal.Invoker.invokeTestMethods(Invoker.java:1130)
	at org.testng.internal.TestMethodWorker.invokeTestMethods(TestMethodWorker.java:129)
	at org.testng.internal.TestMethodWorker.run(TestMethodWorker.java:112)
	at org.testng.TestRunner.privateRun(TestRunner.java:782)
	at org.testng.TestRunner.run(TestRunner.java:632)
	at org.testng.SuiteRunner.runTest(SuiteRunner.java:366)
	at org.testng.SuiteRunner.runSequentially(SuiteRunner.java:361)
	at org.testng.SuiteRunner.privateRun(SuiteRunner.java:319)
	at org.testng.SuiteRunner.run(SuiteRunner.java:268)
	at org.testng.SuiteRunnerWorker.runSuite(SuiteRunnerWorker.java:52)
	at org.testng.SuiteRunnerWorker.run(SuiteRunnerWorker.java:86)
	at org.testng.TestNG.runSuitesSequentially(TestNG.java:1244)
	at org.testng.TestNG.runSuitesLocally(TestNG.java:1169)
	at org.testng.TestNG.run(TestNG.java:1064)
	at org.testng.remote.RemoteTestNG.run(RemoteTestNG.java:113)
	at org.testng.remote.RemoteTestNG.initAndRun(RemoteTestNG.java:206)
	at org.testng.remote.RemoteTestNG.main(RemoteTestNG.java:177)
]]>
            </full-stacktrace>
          </exception> <!-- java.lang.AssertionError -->
          <reporter-output>
          </reporter-output>
        </test-method> <!-- Step01_NavigeteToURL -->
        <test-method status="PASS" signature="tearDown()[pri:0, instance:comcast.test.homepage.VerifyHomePageContent@25b7715d]" name="tearDown" is-config="true" duration-ms="1312" started-at="2016-04-06T16:08:35Z" finished-at="2016-04-06T16:08:36Z">
          <reporter-output>
          </reporter-output>
        </test-method> <!-- tearDown -->
      </class> <!-- comcast.test.homepage.VerifyHomePageContent -->
    </test> <!-- Default test -->
  </suite> <!-- Default suite -->
</testng-results>
