<?xml version="1.0" encoding="UTF-8" ?>
<testsuite errors="7" failures="0" hostname="VDC01DELW0204" name="comcast.test.testSuite.runSeleniumTestCasesForQA" skipped="0" tests="238" time="18246.649" timestamp="2015-10-29T18:28:09">
  <properties>
[...]
</properties>
  <testcase classname="comcast.test.app.testCases.homePage.VerifyAllHomeCategoriesAreDisplayed" name="testVerifyAllHomeCategoriesAreDisplayed" time="115.636" />
  <testcase classname="comcast.test.app.testCases.homePage.VerifyHeaderlinksWithoutLogin" name="testVerifyHeaderlinksWithoutLogin" time="71.722" />
  <testcase classname="comcast.test.app.testCases.homePage.VerifyHeaderlinksWithLogin" name="testVerifyHeaderlinksWithLogin" time="88.422" />
  <testcase classname="comcast.test.app.testCases.homePage.VerifyFooterlinksWithoutLogin" name="testVerifyFooterlinksWithoutLogin" time="90.282" />
  <testcase classname="comcast.test.app.testCases.homePage.VerifyFooterlinksWithLogin" name="testVerifyFooterlinksWithLogin" time="105.589" />
  <testcase classname="comcast.test.app.testCases.homePage.VerifyClickingOnWatchableHeaderLogoNavigatesHomePage" name="testVerifyClickingOnWatchableHeaderLogoNavigatesHomePage" time="82.91" />
  <testcase classname="comcast.test.app.testCases.homePage.VerifyClickingOnWatchableFooterLogoNavigatesHomePage" name="testVerifyClickingOnWatchableFooterLogoNavigatesHomePage" time="99.836" />
  <testcase classname="comcast.test.app.testCases.homePage.VerifyFeaturedPlaylistsAreDisplayed" name="testVerifyFeaturedPlaylistsAreDisplayed" time="63.934" />
  <testcase classname="comcast.test.app.testCases.homePage.VerifySixVideosDisplayedInFeaturedPlaylistsSection" name="testVerifySixVideosDisplayedInFeaturedPlaylistsSection" time="50.176" />
  <testcase classname="comcast.test.app.testCases.homePage.VerifySelectedVideoDetailsInFeaturedPlaylists" name="testVerifySelectedVideoDetailsInFeaturedPlaylists" time="52.381" />
  <testcase classname="comcast.test.app.testCases.homePage.VerifyGenreButtonDisplayedInFeaturedPlaylistsVideos" name="testVerifyGenreButtonDisplayedInFeaturedPlaylistsVideos" time="56.723" />
  <testcase classname="comcast.test.app.testCases.homePage.VerifyFeaturedVideosAreDisplayed" name="testVerifyFeaturedVideosAreDisplayed" time="78.29" />
  <testcase classname="comcast.test.app.testCases.homePage.VerifyFeaturedChannelsAreDisplayed" name="testVerifyFeaturedChannelsAreDisplayed" time="73.229" />
  <testcase classname="comcast.test.app.testCases.homePage.VerifyAllGenreCategories" name="testVerifyAllGenreCategories" time="69.158" />
  <testcase classname="comcast.test.app.testCases.homePage.VerifyAllGenreChannelsCategories" name="testVerifyAllGenreChannelsCategories" time="83.771" />
  <testcase classname="comcast.test.app.testCases.homePage.VerifyEightVideosDisplayedInFeaturedVideosSection" name="testVerifyEightVideosDisplayedInFeaturedVideosSection" time="64.494" />
  <testcase classname="comcast.test.app.testCases.homePage.VerifyEightChannelsDisplayedInFeaturedShowSection" name="testVerifyEightChannelsDisplayedInFeaturedShowSection" time="85.541" />
  <testcase classname="comcast.test.app.testCases.homePage.VerifyHomePageTitle" name="testVerifyHomePageTitle" time="65.34" />
  <testcase classname="comcast.test.app.testCases.homePage.VerifyWatchButtonDisplayedInFeaturedPlaylistsVideos" name="testVerifyWatchButtonDisplayedInFeaturedPlaylistsVideos" time="42.444" />
  <testcase classname="comcast.test.app.testCases.homePage.VerifyPlayIconDisplayedInFeaturedPlaylistsVideos" name="testVerifyPlayIconDisplayedInFeaturedPlaylistsVideos" time="63.163" />
  <testcase classname="comcast.test.app.testCases.homePage.VerifyMoreLinkDisplayedInGenreShowSection" name="testVerifyMoreLinkDisplayedInGenreShowSection" time="71.047" />
  <testcase classname="comcast.test.app.testCases.homePage.VerifyFooterWatchableLogoNotClickableInHomePage" name="testVerifyFooterWatchableLogoNotClickableInHomePage" time="92.308" />
  <testcase classname="comcast.test.app.testCases.homePage.VerifyFooterHomeLinkNotClickableInHomePage" name="testVerifyFooterHomeLinkNotClickableInHomePage" time="85.407" />
  <testcase classname="comcast.test.app.testCases.homePage.VerifyHeaderWatchableLogoNotClickableInHomePage" name="testVerifyHeaderWatchableLogoNotClickableInHomePage" time="43.325" />
  <testcase classname="comcast.test.app.testCases.loginPageAndLogin.VeriyLogInPageContent" name="testVeriyLogInPageContent" time="66.803" />
  <testcase classname="comcast.test.app.testCases.loginPageAndLogin.VerifyLoginPageDetailsWithEmptyFields" name="testVerifyLoginPageDetailsWithEmptyFields" time="60.171" />
  <testcase classname="comcast.test.app.testCases.loginPageAndLogin.LoginToWatchableUsingDigits" name="testLoginToWatchableUsingDigits" time="77.64" />
  <testcase classname="comcast.test.app.testCases.loginPageAndLogin.LoginToWatchableUsingInValidPassword" name="testLoginToWatchableUsingInValidPassword" time="74.403" />
  <testcase classname="comcast.test.app.testCases.loginPageAndLogin.LoginToWatchableUsingInValidUserName" name="testLoginToWatchableUsingInValidUserName" time="71.298" />
  <testcase classname="comcast.test.app.testCases.loginPageAndLogin.LoginToWatchableUsingJavaScript" name="testLoginToWatchableUsingJavaScript" time="75.263" />
  <testcase classname="comcast.test.app.testCases.loginPageAndLogin.LoginToWatchableUsingSpecialCharacters" name="testLoginToWatchableUsingSpecialCharacters" time="66.975" />
  <testcase classname="comcast.test.app.testCases.loginPageAndLogin.LoginToWatchableUsingSQLKeyWords" name="testLoginToWatchableUsingSQLKeyWords" time="54.036" />
  <testcase classname="comcast.test.app.testCases.loginPageAndLogin.LoginToWatchableUsingSQLStatement" name="testLoginToWatchableUsingSQLStatement" time="80.49" />
  <testcase classname="comcast.test.app.testCases.loginPageAndLogin.LoginToWatchableWithInValidCredentials" name="testLoginToWatchableWithInValidCredentials" time="69.045" />
  <testcase classname="comcast.test.app.testCases.loginPageAndLogin.VerifyLoginPageMandatoryFields" name="testVerifyLoginPageMandatoryFields" time="61.411" />
  <testcase classname="comcast.test.app.testCases.loginPageAndLogin.LoginToWatchableWithValidCredentials" name="testLoginToWatchableWithValidCredentials" time="52.124" />
  <testcase classname="comcast.test.app.testCases.loginPageAndLogin.ValidateRememberMeFunctionality" name="testValidateRememberMeFunctionality" time="98.122" />
  <testcase classname="comcast.test.app.testCases.loginPageAndLogin.VerifyLogoutFromWatchable" name="testVerifyLogoutFromWatchable" time="107.056" />
  <testcase classname="comcast.test.app.testCases.loginPageAndLogin.VerifyLogInFormCloseButton" name="testVerifyLogInFormCloseButton" time="43.56" />
  <testcase classname="comcast.test.app.testCases.loginPageAndLogin.VerifyUserProfileMenu" name="testVerifyUserProfileMenu" time="69.895" />
  <testcase classname="comcast.test.app.testCases.loginPageAndLogin.VerifyLoginPageDirectURL" name="testVerifyLoginPageDirectURL" time="47.933" />
  <testcase classname="comcast.test.app.testCases.loginPageAndLogin.VeriyForgotPasswordPageContent" name="testVeriyForgotPasswordPageContent" time="54.667" />
  <testcase classname="comcast.test.app.testCases.loginPageAndLogin.VerifyForgotPasswordPageDetailsWithEmptyFields" name="testVerifyForgotPasswordPageDetailsWithEmptyFields" time="55.526" />
  <testcase classname="comcast.test.app.testCases.loginPageAndLogin.VerifyForgotPasswordFunctionalityWithNoEmail" name="testVerifyForgotPasswordFunctionalityWithNoEmail" time="56.646" />
  <testcase classname="comcast.test.app.testCases.loginPageAndLogin.VerifyForgotPasswordWithInValidEmailIdFormat" name="testVerifyForgotPasswordWithInValidEmailIdFormat" time="50.336" />
  <testcase classname="comcast.test.app.testCases.loginPageAndLogin.VerifyForgotPasswordWithInValidEmailId" name="testVerifyForgotPasswordWithInValidEmailId" time="60.077" />
  <testcase classname="comcast.test.app.testCases.loginPageAndLogin.VerifyForgotPasswordFunctionalityWithValidEmail" name="testVerifyForgotPasswordFunctionalityWithValidEmail" time="67.644" />
  <testcase classname="comcast.test.app.testCases.loginPageAndLogin.VerifyForgotPasswordFormCloseButton" name="testVerifyForgotPasswordFormCloseButton" time="52.418" />
  <testcase classname="comcast.test.app.testCases.loginPageAndLogin.VeriyResetPasswordPageContent" name="testVeriyResetPasswordPageContent" time="75.669" />
  <testcase classname="comcast.test.app.testCases.loginPageAndLogin.VerifyChangePasswordPageDetailsWithEmptyFields" name="testVerifyChangePasswordPageDetailsWithEmptyFields" time="73.956" />
  <testcase classname="comcast.test.app.testCases.loginPageAndLogin.VerifyChangePasswordMandatoryFields" name="testVerifyChangePasswordMandatoryFields" time="75.205" />
  <testcase classname="comcast.test.app.testCases.loginPageAndLogin.ValidateChangePassByEnteringCurrentPassword" name="testValidateChangePassByEnteringCurrentPassword" time="87.2" />
  <testcase classname="comcast.test.app.testCases.loginPageAndLogin.ValidateCurrentPasswordWhenChangingPassword" name="testValidateChangePassByEnteringCurrentPassword" time="79.562" />
  <testcase classname="comcast.test.app.testCases.loginPageAndLogin.ValidateNewPasswordAndConfirmPasswordMatch" name="testValidateNewPasswordAndConfirmPasswordMatch" time="87.308" />
  <testcase classname="comcast.test.app.testCases.loginPageAndLogin.VerifyChangePasswordFunctionality" name="testVerifyChangePasswordFunctionality" time="45.135" />
  <testcase classname="comcast.test.app.testCases.loginPageAndLogin.VerifyResetPasswordFormCloseButton" name="testVerifyResetPasswordFormCloseButton" time="76.232" />
  <testcase classname="comcast.test.app.testCases.signUp.VeriySignUpPageContent" name="testVeriySignUpPageContent" time="54.582" />
  <testcase classname="comcast.test.app.testCases.signUp.RegToWatchableWithoutProvidingAnyDetails" name="testRegToWatchableWithoutProvidingAnyDetails" time="56.698" />
  <testcase classname="comcast.test.app.testCases.signUp.ValidateCaptchaMandarotyField" name="testValidateCaptchaMandarotyField" time="62.843" />
  <testcase classname="comcast.test.app.testCases.signUp.RegToWatchableByEnteringExistingEmailID" name="testRegToWatchableByEnteringExistingEmailID" time="55.35" />
  <testcase classname="comcast.test.app.testCases.signUp.RegToWatchableByEnteringInValidEmail" name="testRegToWatchableByEnteringInValidEmail" time="56.498" />
  <testcase classname="comcast.test.app.testCases.signUp.RegToWatchableWithoutEnteringEmail" name="testRegToWatchableWithoutEnteringEmail" time="52.058">
    <error message="invalid element state: Element is not currently interactable and may not be manipulated&#xa;  (Session info: chrome=46.0.2490.80)&#xa;  (Driver info: chromedriver=2.9.248315,platform=Windows NT 6.1 SP1 x86_64) (WARNING: The server did not provide any stacktrace information)&#xa;Command duration or timeout: 664 milliseconds&#xa;Build info: version: &apos;2.43.1&apos;, revision: &apos;5163bce&apos;, time: &apos;2014-09-10 16:27:33&apos;&#xa;System info: host: &apos;VDC01DELW0204&apos;, ip: &apos;192.168.162.28&apos;, os.name: &apos;Windows 7&apos;, os.arch: &apos;amd64&apos;, os.version: &apos;6.1&apos;, java.version: &apos;1.7.0_40&apos;&#xa;Session ID: 3525f9f16911e66507c99d73ccd24765&#xa;Driver info: org.openqa.selenium.chrome.ChromeDriver&#xa;Capabilities [{platform=XP, acceptSslCerts=true, javascriptEnabled=true, browserName=chrome, chrome={userDataDir=C:\Users\MANOJ~1.PAR\AppData\Local\Temp\scoped_dir4876_9189}, rotatable=false, locationContextEnabled=true, version=46.0.2490.80, takesHeapSnapshot=true, cssSelectorsEnabled=true, databaseEnabled=false, handlesAlerts=true, browserConnectionEnabled=false, nativeEvents=true, webStorageEnabled=true, applicationCacheEnabled=false, takesScreenshot=true}]" type="org.openqa.selenium.InvalidElementStateException">org.openqa.selenium.InvalidElementStateException: invalid element state: Element is not currently interactable and may not be manipulated
  (Session info: chrome=46.0.2490.80)
  (Driver info: chromedriver=2.9.248315,platform=Windows NT 6.1 SP1 x86_64) (WARNING: The server did not provide any stacktrace information)
Command duration or timeout: 664 milliseconds
Build info: version: &apos;2.43.1&apos;, revision: &apos;5163bce&apos;, time: &apos;2014-09-10 16:27:33&apos;
System info: host: &apos;VDC01DELW0204&apos;, ip: &apos;192.168.162.28&apos;, os.name: &apos;Windows 7&apos;, os.arch: &apos;amd64&apos;, os.version: &apos;6.1&apos;, java.version: &apos;1.7.0_40&apos;
Session ID: 3525f9f16911e66507c99d73ccd24765
Driver info: org.openqa.selenium.chrome.ChromeDriver
Capabilities [{platform=XP, acceptSslCerts=true, javascriptEnabled=true, browserName=chrome, chrome={userDataDir=C:\Users\MANOJ~1.PAR\AppData\Local\Temp\scoped_dir4876_9189}, rotatable=false, locationContextEnabled=true, version=46.0.2490.80, takesHeapSnapshot=true, cssSelectorsEnabled=true, databaseEnabled=false, handlesAlerts=true, browserConnectionEnabled=false, nativeEvents=true, webStorageEnabled=true, applicationCacheEnabled=false, takesScreenshot=true}]
	at java.lang.reflect.Constructor.newInstance(Constructor.java:526)
	at org.openqa.selenium.remote.ErrorHandler.createThrowable(ErrorHandler.java:204)
	at org.openqa.selenium.remote.ErrorHandler.throwIfResponseFailed(ErrorHandler.java:156)
	at org.openqa.selenium.remote.RemoteWebDriver.execute(RemoteWebDriver.java:599)
	at org.openqa.selenium.remote.RemoteWebElement.execute(RemoteWebElement.java:268)
	at org.openqa.selenium.remote.RemoteWebElement.clear(RemoteWebElement.java:113)
	at comcast.test.app.testCases.signUp.signUpFunctions.SignUpFun.enterSignUpDetails(SignUpFun.java:176)
	at comcast.test.app.testCases.signUp.RegToWatchableWithoutEnteringEmail.testRegToWatchableWithoutEnteringEmail(RegToWatchableWithoutEnteringEmail.java:52)
</error>
  </testcase>
  <testcase classname="comcast.test.app.testCases.signUp.RegToWatchableByProvidingDifferentConfPass" name="testRegToWatchableByProvidingDifferentConfPass" time="60.521" />
  <testcase classname="comcast.test.app.testCases.signUp.RegToWatchableWithoutEnteringConfPass" name="testRegToWatchableWithoutEnteringConfPass" time="64.534" />
  <testcase classname="comcast.test.app.testCases.signUp.RegisterToWatchableByEnteringInValidLengthOfPassword" name="testRegisterToWatchableByEnteringInValidLengthOfPassword" time="55.661" />
  <testcase classname="comcast.test.app.testCases.signUp.RegisterToWatchableByEnteringNonCapitalLetterPassword" name="testRegisterToWatchableByEnteringNonCapitalLetterPassword" time="49.56" />
  <testcase classname="comcast.test.app.testCases.signUp.RegisterToWatchableByEnteringNonDigitPassword" name="testRegisterToWatchableByEnteringNonDigitPassword" time="46.182" />
  <testcase classname="comcast.test.app.testCases.signUp.RegisterToWatchableWithoutEnteringPassword" name="testRegisterToWatchableWithoutEnteringPassword" time="55.858" />
  <testcase classname="comcast.test.app.testCases.signUp.RegToWatchableWithoutSelectingACheckBox" name="testRegToWatchableWithoutSelectingACheckBox" time="51.405" />
  <testcase classname="comcast.test.app.testCases.signUp.VerifySignUpFormCloseButton" name="testVerifySignUpFormCloseButton" time="41.374" />
  <testcase classname="comcast.test.app.testCases.signUp.VerifySignUpPageDirectURL" name="testVerifySignUpPageDirectURL" time="33.49" />
  <testcase classname="comcast.test.app.testCases.signUp.VeriyCaptchaContents" name="testVeriyCaptchaContents" time="39.112" />
  <testcase classname="comcast.test.app.testCases.signUp.VerifyCaptchaButton" name="testVerifyCaptchaButton" time="49.262" />
  <testcase classname="comcast.test.app.testCases.signUp.VerifyCaptchaPrivacyLink" name="testVerifyCaptchaPrivacyLink" time="48.705" />
  <testcase classname="comcast.test.app.testCases.signUp.VerifyCaptchaTermsLink" name="testVerifyCaptchaTermsLink" time="47.651" />
  <testcase classname="comcast.test.app.testCases.signUp.VerifyPresenceOfTermsOfServiceLinkInSignUpForm" name="testVerifyPresenceOfTermsOfServiceLinkInSignUpForm" time="37.855" />
  <testcase classname="comcast.test.app.testCases.signUp.VerifyPresenceOfPrivacyPolicyLinkInSignUpForm" name="testVerifyPresenceOfPrivacyPolicyLinkInSignUpForm" time="36.79" />
  <testcase classname="comcast.test.app.testCases.signUp.VerifyPrivacyPolicyLinkClickableInSignUpForm" name="testVerifyPrivacyPolicyLinkClickableInSignUpForm" time="38.068" />
  <testcase classname="comcast.test.app.testCases.signUp.VerifyTermsOfServiceLinkClickableInSignUpForm" name="testVerifyTermsOfServiceLinkClickableInSignUpForm" time="34.816" />
  <testcase classname="comcast.test.app.testCases.contactUs.VeriyContactUsPageContent" name="testVeriyContactUsPageContent" time="66.686" />
  <testcase classname="comcast.test.app.testCases.contactUs.VerifyContactUsMandatoryFields" name="testVerifyContactUsMandatoryFields" time="86.606" />
  <testcase classname="comcast.test.app.testCases.contactUs.VerifyResetButtonFunctionality" name="testVerifyResetButtonFunctionality" time="85.779" />
  <testcase classname="comcast.test.app.testCases.contactUs.ValidateCaptchaByEnteringInvalidKey" name="testValidateCaptchaByEnteringInvalidKey" time="94.053" />
  <testcase classname="comcast.test.app.testCases.contactUs.VerifyContactUsFormCloseButton" name="testVerifyContactUsFormCloseButton" time="58.243" />
  <testcase classname="comcast.test.app.testCases.contactUs.VeriyContactUsCaptchaButton" name="testVeriyContactUsCaptchaButton" time="78.242" />
  <testcase classname="comcast.test.app.testCases.contactUs.VeriyContactUsCaptchaPrivacyLink" name="testVeriyContactUsCaptchaPrivacyLink" time="71.158" />
  <testcase classname="comcast.test.app.testCases.contactUs.VeriyContactUsCaptchaTermsLink" name="testVeriyContactUsCaptchaTermsLink" time="70.868" />
  <testcase classname="comcast.test.app.testCases.footerLink.VerifyClickingOnHomeFooterLinkNavigatesHomePage" name="testVerifyClickingOnHomeFooterLinkNavigatesHomePage" time="73.425" />
  <testcase classname="comcast.test.app.testCases.footerLink.VerifyHelpLinkTitle" name="testVerifyHelpLinkTitle" time="51.571" />
  <testcase classname="comcast.test.app.testCases.footerLink.VerifyHelpLink" name="testVerifyHelpLink" time="50.812" />
  <testcase classname="comcast.test.app.testCases.footerLink.VerifyPrivacyPolicyLinkTitle" name="testVerifyPrivacyPolicyLinkTitle" time="66.022" />
  <testcase classname="comcast.test.app.testCases.footerLink.VerifyPrivacyPolicyLink" name="testVerifyPrivacyPolicyLink" time="50.918" />
  <testcase classname="comcast.test.app.testCases.footerLink.VerifyTermsOfUseLinkTitle" name="testVerifyTermsOfUseLinkTitle" time="47.066" />
  <testcase classname="comcast.test.app.testCases.footerLink.VerifyTermsOfUseLink" name="testVerifyTermsOfUseLink" time="51.942" />
  <testcase classname="comcast.test.app.testCases.footerLink.VerifyAdChoicesLinkTitle" name="testVerifyAdChoicesLinkTitle" time="52.946" />
  <testcase classname="comcast.test.app.testCases.footerLink.VerifyAdChoicesLink" name="testVerifyAdChoicesLink" time="61.852" />
  <testcase classname="comcast.test.app.testCases.footerLink.VerifyClickOnWatchableLogoFromHelpPageNavigatesHomePage" name="testVerifyClickOnWatchableLogoFromHelpPageNavigatesHomePage" time="63.412" />
  <testcase classname="comcast.test.app.testCases.footerLink.VerifyCopyRightText" name="testVerifyCopyRightText" time="65.739" />
  <testcase classname="comcast.test.app.testCases.footerLink.VerifyHelpPageTitle" name="testVerifyHelpPageTitle" time="75.402" />
  <testcase classname="comcast.test.app.testCases.footerLink.VerifyClickingOnHomeFooterLinkFromHelpPageNavigatesHomePage" name="testVerifyClickingOnHomeFooterLinkFromHelpPageNavigatesHomePage" time="96.279" />
  <testcase classname="comcast.test.app.testCases.footerLink.VerifyUserNavigatingToHomePageLogoutFromHelpPage" name="testVerifyUserNavigatingToHomePageLogoutFromHelpPage" time="123.068" />
  <testcase classname="comcast.test.app.testCases.channelPage.VerifyNavigationToChannelPage" name="testVerifyNavigationToChannelPage" time="63.608" />
  <testcase classname="comcast.test.app.testCases.channelPage.VerifyChannelDetailPageContent" name="testVerifyChannelDetailPageContent" time="75.359" />
  <testcase classname="comcast.test.app.testCases.channelPage.VerifyChannelDetailPageVideoSectionContent" name="testVerifyChannelDetailPageVideoSectionContent" time="64.928" />
  <testcase classname="comcast.test.app.testCases.channelPage.VerifyOtherChannelsSectionContent" name="testVerifyOtherChannelsSectionContent" time="95.838" />
  <testcase classname="comcast.test.app.testCases.channelPage.VerifyNavigationToProviderPageFromOtherChannelsSection" name="testVerifyNavigationToProviderPageFromOtherChannelsSection" time="106.717" />
  <testcase classname="comcast.test.app.testCases.channelPage.VerifyNextButton" name="testVerifyNextButton" time="167.284" />
  <testcase classname="comcast.test.app.testCases.channelPage.VerifyPreviousButton" name="testVerifyPreviousButton" time="278.8" />
  <testcase classname="comcast.test.app.testCases.channelPage.VeriyVideoLastUpdatedInChannelPage" name="testVeriyVideoLastUpdatedInChannelPage" time="76.595" />
  <testcase classname="comcast.test.app.testCases.channelPage.VerifyingClickOnChannlFromOtherChannelsSection" name="testVerifyingClickOnChannlFromOtherChannelsSection" time="95.379" />
  <testcase classname="comcast.test.app.testCases.channelPage.VerifyChannelPageTitle" name="testVerifyChannelPageTitle" time="49.006" />
  <testcase classname="comcast.test.app.testCases.channelPage.VerifyNavigationToChannelPageFromFeaturedShows" name="testVerifyNavigationToChannelPageFromFeaturedVideos" time="50.173" />
  <testcase classname="comcast.test.app.testCases.channelPage.VerifyClickOnWatchableLogoFromShowPageNavigatesHomePage" name="testVerifyClickOnWatchableLogoFromShowPageNavigatesHomePage" time="70.828" />
  <testcase classname="comcast.test.app.testCases.channelPage.VerifyClickingOnHomeFooterLinkFromShowPageNavigatesHomePage" name="testVerifyClickingOnHomeFooterLinkFromShowPageNavigatesHomePage" time="64.344" />
  <testcase classname="comcast.test.app.testCases.channelPage.VerifyUserNavigatingToHomePageLogoutFromShowsPage" name="testVerifyUserNavigatingToHomePageLogoutFromShowsPage" time="99.456" />
  <testcase classname="comcast.test.app.testCases.providerPage.VerifyNavigationToProviderPage" name="testVerifyNavigationToProviderPage" time="73.309" />
  <testcase classname="comcast.test.app.testCases.providerPage.VerifyProviderDetailPageContent" name="testVerifyProviderDetailPageContent" time="79.47" />
  <testcase classname="comcast.test.app.testCases.providerPage.VerifyChannelSection" name="testVerifyChannelSection" time="66.142" />
  <testcase classname="comcast.test.app.testCases.providerPage.VerifyChannelVideoCount" name="testVerifyChannelVideoCount" time="78.818" />
  <testcase classname="comcast.test.app.testCases.providerPage.VerifyingClickOnChannlNavigatingToChannelPage" name="testVerifyingClickOnChannlNavigatingToChannelPage" time="122.144" />
  <testcase classname="comcast.test.app.testCases.providerPage.VerifyClickOnWatchableLogoFromProviderPageNavigatesHomePage" name="testVerifyClickOnWatchableLogoFromProviderPageNavigatesHomePage" time="77.865" />
  <testcase classname="comcast.test.app.testCases.providerPage.VerifyProviderPageTitle" name="testVerifyProviderPageTitle" time="75.117" />
  <testcase classname="comcast.test.app.testCases.providerPage.VerifyNavigationToProviderPageFromFeaturedShows" name="testVerifyNavigationToProviderPageFromFeaturedShows" time="60.415" />
  <testcase classname="comcast.test.app.testCases.providerPage.VerifyClickingOnHomeFooterLinkFromProviderPageNavigatesHomePage" name="testVerifyClickingOnHomeFooterLinkFromProviderPageNavigatesHomePage" time="101.303" />
  <testcase classname="comcast.test.app.testCases.providerPage.VerifyUserNavigatingToHomePageLogoutFromProvidePage" name="testVerifyUserNavigatingToHomePageLogoutFromProvidePage" time="127.244" />
  <testcase classname="comcast.test.app.testCases.search.VerifySearchResultPageContentWithResult" name="testVerifySearchResultPageContentWithResult" time="47.32" />
  <testcase classname="comcast.test.app.testCases.search.VerifySearchResultPageContentWithOutResult" name="testVerifySearchResultPageContentWithOutResult" time="45.3" />
  <testcase classname="comcast.test.app.testCases.search.SearchWithChannelName" name="testSearchWithChannelName" time="58.104" />
  <testcase classname="comcast.test.app.testCases.search.SearchWithChannelId" name="testSearchWithChannelId" time="50.87" />
  <testcase classname="comcast.test.app.testCases.search.SearchWithVideoName" name="testSearchWithVideoName" time="51.266" />
  <testcase classname="comcast.test.app.testCases.search.SearchWithVideoId" name="testSearchWithVideoId" time="58.284" />
  <testcase classname="comcast.test.app.testCases.search.SearchWithProviderName" name="testSearchWithProviderName" time="56.899" />
  <testcase classname="comcast.test.app.testCases.search.SearchWithProviderId" name="testSearchWithProviderId" time="61.257" />
  <testcase classname="comcast.test.app.testCases.search.SearchWithInvalidKey" name="testSearchWithInvalidKey" time="40.673" />
  <testcase classname="comcast.test.app.testCases.search.SearchWithDigitsKey" name="testSearchWithDigitsKey" time="58.413" />
  <testcase classname="comcast.test.app.testCases.search.SearchWithSpecialCharacters" name="testSearchWithSpecialCharacters" time="53.962" />
  <testcase classname="comcast.test.app.testCases.search.VerifyBackToHomepageLinkWhenNoResult" name="testVerifyBackToHomepageLinkWhenNoResult" time="55.458" />
  <testcase classname="comcast.test.app.testCases.search.VerifyClickOnWatchableLogoFromSearchResultPageNavigatesHomePage" name="testVerifyClickOnWatchableLogoFromSearchResultPageNavigatesHomePage" time="45.227" />
  <testcase classname="comcast.test.app.testCases.search.VerifySearchResultPageTitle" name="testVerifySearchResultPageTitle" time="36.099" />
  <testcase classname="comcast.test.app.testCases.search.VerifyNavigatingToShowPageFromShowSectionFromSearchResult" name="testVerifyNavigatingToShowPageFromShowSectionFromSearchResult" time="48.769" />
  <testcase classname="comcast.test.app.testCases.search.VerifyNavigatingToShowPageFromVideoSectionFromSearchResult" name="testVerifyNavigatingToShowPageFromVideoSectionFromSearchResult" time="48.564" />
  <testcase classname="comcast.test.app.testCases.search.VerifyClickingOnHomeFooterLinkFromSearchResultPageNavigatesHomePage" name="testVerifyClickingOnHomeFooterLinkFromSearchResultPageNavigatesHomePage" time="78.015" />
  <testcase classname="comcast.test.app.testCases.search.VerifyUserNavigatingToHomePageLogoutFromSearchResultPage" name="testVerifyUserNavigatingToHomePageLogoutFromSearchResultPage" time="92.848" />
  <testcase classname="comcast.test.app.testCases.myWatchlist.VeriyMyWatchlistTitle" name="testVeriyMyWatchlistTitle" time="26.852" />
  <testcase classname="comcast.test.app.testCases.myWatchlist.VeriyClickOnMyWatchlistWithOutLogin" name="testVeriyClickOnMyWatchlistWithOutLogin" time="32.074" />
  <testcase classname="comcast.test.app.testCases.myWatchlist.VerifyNavigatingToMyWatchlistAfterLoginFromPopup" name="testVerifyNavigatingToMyWatchlistAfterLoginFromPopup" time="48.337" />
  <testcase classname="comcast.test.app.testCases.myWatchlist.VerifyNavigatingToMyWatchlistAfterLogin" name="testVerifyNavigatingToMyWatchlistAfterLogin" time="52.421" />
  <testcase classname="comcast.test.app.testCases.myWatchlist.VerifyNavigatingToChannelPageFromMyWatchlistPage" name="testVerifyNavigatingToChannelPageFromMyWatchlistPage" time="65.425" />
  <testcase classname="comcast.test.app.testCases.myWatchlist.VerifyChannelNameDisplayInMyWatchlistPageWhenVideosPresent" name="testVerifyChannelNameDisplayInMyWatchlistPageWhenVideosPresent" time="55.204" />
  <testcase classname="comcast.test.app.testCases.myWatchlist.VerifyMyWatchlistPageContentWhenVideosPresent" name="testVerifyMyWatchlistPageContentWhenVideosPresent" time="56.094" />
  <testcase classname="comcast.test.app.testCases.myWatchlist.VerifyMyWatchlistPageContentWhenVideosNotPresent" name="testVerifyMyWatchlistPageContentWhenVideosNotPresent" time="61.113" />
  <testcase classname="comcast.test.app.testCases.myWatchlist.VerifyNavigatingToChannelPageFromMyWatchlist" name="testVerifyNavigatingToChannelPageFromMyWatchlist" time="124.057" />
  <testcase classname="comcast.test.app.testCases.myWatchlist.VerifyUserNavigatingToHomePageLogoutFromMyWatchlist" name="testVerifyUserNavigatingToHomePageLogoutFromMyWatchlist" time="104.066" />
  <testcase classname="comcast.test.app.testCases.myWatchlist.VerifyClickOnWatchableLogoFromMyWatchlistPageNavigatesHomePage" name="testVerifyClickOnWatchableLogoFromMyWatchlistPageNavigatesHomePage" time="66.595" />
  <testcase classname="comcast.test.app.testCases.myWatchlist.VerifyMyWatchlistPageTitle" name="testVerifyMyWatchlistPageTitle" time="54.679" />
  <testcase classname="comcast.test.app.testCases.myWatchlist.VerifyNavigatingToShowsPageFromFeaturedShowsSectionOfMyShows" name="testVerifyNavigatingToShowsPageFromFeaturedShowsSectionOfMyShows" time="67.652" />
  <testcase classname="comcast.test.app.testCases.myWatchlist.VerifyMyWatchlistPageVideosSectionDetails" name="testVerifyMyWatchlistPageVideosSectionDetails" time="60.666" />
  <testcase classname="comcast.test.app.testCases.myWatchlist.VerifyNavigatingToShowPageAfterClickingOnShowTitle" name="testVerifyNavigatingToShowPageAfterClickingOnShowTitle" time="67.228" />
  <testcase classname="comcast.test.app.testCases.myWatchlist.VerifyClickingOnHomeFooterLinkFromMyShowsPageNavigatesHomePage" name="testVerifyClickingOnHomeFooterLinkFromMyShowsPageNavigatesHomePage" time="113.579" />
  <testcase classname="comcast.test.app.testCases.follow.VerifyFollowFromChannelPageWithoutLogin" name="testVerifyFollowFromChannelPageWithoutLogin" time="71.405" />
  <testcase classname="comcast.test.app.testCases.follow.VerifyFollowFromVideoPageWithoutLogin" name="testVerifyFollowFromVideoPageWithoutLogin" time="83.43" />
  <testcase classname="comcast.test.app.testCases.follow.VerifyFollowFromVideoControlWithoutLogin" name="testVerifyFollowFromVideoControlWithoutLogin" time="93.757" />
  <testcase classname="comcast.test.app.testCases.follow.VerifyFollowFromChannelPageAfterLogin" name="testVerifyFollowFromChannelPageAfterLogin" time="66.589" />
  <testcase classname="comcast.test.app.testCases.follow.VerifyFollowFromVideoPageAfterLogin" name="testVerifyFollowFromVideoPageAfterLogin" time="127.287" />
  <testcase classname="comcast.test.app.testCases.follow.VerifyFollowFromVideoControlAfterLogin" name="testVerifyFollowFromVideoControlAfterLogin" time="111.735" />
  <testcase classname="comcast.test.app.testCases.follow.VerifyUnfollowConfirmationPopupDisplay" name="testVerifyUnfollowConfirmationPopupDisplay" time="70.144" />
  <testcase classname="comcast.test.app.testCases.follow.VerifyUnfollowFromChannelPage" name="testVerifyUnfollowFromChannelPage" time="54.216" />
  <testcase classname="comcast.test.app.testCases.follow.VerifyUnfollowFromVideoPage" name="testVerifyUnfollowFromVideoPage" time="129.049" />
  <testcase classname="comcast.test.app.testCases.follow.VerifyUnfollowFromVideoPlayerControls" name="testVerifyUnfollowFromVideoPlayerControls" time="54.991" />
  <testcase classname="comcast.test.app.testCases.follow.VerifyFollowConfirmationPopupDisplay" name="testVerifyFollowConfirmationPopupDisplay" time="87.758" />
  <testcase classname="comcast.test.app.testCases.socialSharing.VerifyPresenceOfSocialSharingFunctionalityInVideoControls" name="testVerifyPresenceOfSocialSharingFunctionalityInVideoControls" time="84.356" />
  <testcase classname="comcast.test.app.testCases.socialSharing.VerifyFacebookFunctionalityFromVideoControls" name="testVerifyFacebookFunctionalityFromVideoControls" time="108.917" />
  <testcase classname="comcast.test.app.testCases.socialSharing.VerifyTwitterFunctionalityFromVideoControls" name="testVerifyTwitterFunctionalityFromVideoControls" time="130.684">
    <error message="Timed out after 30 seconds waiting for element to be clickable: By.xpath: //div[@id=&apos;player_container&apos;]/descendant::li[@class=&apos;share&apos;]/descendant::li[2]&#xa;Build info: version: &apos;2.43.1&apos;, revision: &apos;5163bce&apos;, time: &apos;2014-09-10 16:27:33&apos;&#xa;System info: host: &apos;VDC01DELW0204&apos;, ip: &apos;192.168.162.28&apos;, os.name: &apos;Windows 7&apos;, os.arch: &apos;amd64&apos;, os.version: &apos;6.1&apos;, java.version: &apos;1.7.0_40&apos;&#xa;Session ID: 8e3be7d9c2df5b1a4a422b5e5782cd77&#xa;Driver info: org.openqa.selenium.chrome.ChromeDriver&#xa;Capabilities [{platform=XP, acceptSslCerts=true, javascriptEnabled=true, browserName=chrome, chrome={userDataDir=C:\Users\MANOJ~1.PAR\AppData\Local\Temp\scoped_dir2124_18339}, rotatable=false, locationContextEnabled=true, version=46.0.2490.80, takesHeapSnapshot=true, cssSelectorsEnabled=true, databaseEnabled=false, handlesAlerts=true, browserConnectionEnabled=false, nativeEvents=true, webStorageEnabled=true, applicationCacheEnabled=false, takesScreenshot=true}]" type="org.openqa.selenium.TimeoutException">org.openqa.selenium.TimeoutException: Timed out after 30 seconds waiting for element to be clickable: By.xpath: //div[@id=&apos;player_container&apos;]/descendant::li[@class=&apos;share&apos;]/descendant::li[2]
Build info: version: &apos;2.43.1&apos;, revision: &apos;5163bce&apos;, time: &apos;2014-09-10 16:27:33&apos;
System info: host: &apos;VDC01DELW0204&apos;, ip: &apos;192.168.162.28&apos;, os.name: &apos;Windows 7&apos;, os.arch: &apos;amd64&apos;, os.version: &apos;6.1&apos;, java.version: &apos;1.7.0_40&apos;
Session ID: 8e3be7d9c2df5b1a4a422b5e5782cd77
Driver info: org.openqa.selenium.chrome.ChromeDriver
Capabilities [{platform=XP, acceptSslCerts=true, javascriptEnabled=true, browserName=chrome, chrome={userDataDir=C:\Users\MANOJ~1.PAR\AppData\Local\Temp\scoped_dir2124_18339}, rotatable=false, locationContextEnabled=true, version=46.0.2490.80, takesHeapSnapshot=true, cssSelectorsEnabled=true, databaseEnabled=false, handlesAlerts=true, browserConnectionEnabled=false, nativeEvents=true, webStorageEnabled=true, applicationCacheEnabled=false, takesScreenshot=true}]
	at org.openqa.selenium.support.ui.WebDriverWait.timeoutException(WebDriverWait.java:79)
	at org.openqa.selenium.support.ui.FluentWait.until(FluentWait.java:228)
	at comcast.test.app.testCases.socialSharing.socialSharingFunctions.SocialSharingFun.clickonTwitterButtonFromPlayer(SocialSharingFun.java:208)
	at comcast.test.app.testCases.socialSharing.VerifyTwitterFunctionalityFromVideoControls.testVerifyTwitterFunctionalityFromVideoControls(VerifyTwitterFunctionalityFromVideoControls.java:89)
</error>
  </testcase>
  <testcase classname="comcast.test.app.testCases.socialSharing.VerifyEmailFunctionalityFromVideoControls" name="testVerifyEmailFunctionalityFromVideoControls" time="133.057">
    <error message="Timed out after 30 seconds waiting for element to be clickable: By.xpath: //div[@id=&apos;player_container&apos;]/descendant::li[@class=&apos;share&apos;]/descendant::li[3]&#xa;Build info: version: &apos;2.43.1&apos;, revision: &apos;5163bce&apos;, time: &apos;2014-09-10 16:27:33&apos;&#xa;System info: host: &apos;VDC01DELW0204&apos;, ip: &apos;192.168.162.28&apos;, os.name: &apos;Windows 7&apos;, os.arch: &apos;amd64&apos;, os.version: &apos;6.1&apos;, java.version: &apos;1.7.0_40&apos;&#xa;Session ID: 3879bc59687a7fd3e67dc53fe99bd7b3&#xa;Driver info: org.openqa.selenium.chrome.ChromeDriver&#xa;Capabilities [{platform=XP, acceptSslCerts=true, javascriptEnabled=true, browserName=chrome, chrome={userDataDir=C:\Users\MANOJ~1.PAR\AppData\Local\Temp\scoped_dir4760_5631}, rotatable=false, locationContextEnabled=true, version=46.0.2490.80, takesHeapSnapshot=true, cssSelectorsEnabled=true, databaseEnabled=false, handlesAlerts=true, browserConnectionEnabled=false, nativeEvents=true, webStorageEnabled=true, applicationCacheEnabled=false, takesScreenshot=true}]" type="org.openqa.selenium.TimeoutException">org.openqa.selenium.TimeoutException: Timed out after 30 seconds waiting for element to be clickable: By.xpath: //div[@id=&apos;player_container&apos;]/descendant::li[@class=&apos;share&apos;]/descendant::li[3]
Build info: version: &apos;2.43.1&apos;, revision: &apos;5163bce&apos;, time: &apos;2014-09-10 16:27:33&apos;
System info: host: &apos;VDC01DELW0204&apos;, ip: &apos;192.168.162.28&apos;, os.name: &apos;Windows 7&apos;, os.arch: &apos;amd64&apos;, os.version: &apos;6.1&apos;, java.version: &apos;1.7.0_40&apos;
Session ID: 3879bc59687a7fd3e67dc53fe99bd7b3
Driver info: org.openqa.selenium.chrome.ChromeDriver
Capabilities [{platform=XP, acceptSslCerts=true, javascriptEnabled=true, browserName=chrome, chrome={userDataDir=C:\Users\MANOJ~1.PAR\AppData\Local\Temp\scoped_dir4760_5631}, rotatable=false, locationContextEnabled=true, version=46.0.2490.80, takesHeapSnapshot=true, cssSelectorsEnabled=true, databaseEnabled=false, handlesAlerts=true, browserConnectionEnabled=false, nativeEvents=true, webStorageEnabled=true, applicationCacheEnabled=false, takesScreenshot=true}]
	at org.openqa.selenium.support.ui.WebDriverWait.timeoutException(WebDriverWait.java:79)
	at org.openqa.selenium.support.ui.FluentWait.until(FluentWait.java:228)
	at comcast.test.app.testCases.socialSharing.socialSharingFunctions.SocialSharingFun.clickonEmailButtonFromPlayer(SocialSharingFun.java:111)
	at comcast.test.app.testCases.socialSharing.VerifyEmailFunctionalityFromVideoControls.testVerifyEmailFunctionalityFromVideoControls(VerifyEmailFunctionalityFromVideoControls.java:89)
</error>
  </testcase>
  <testcase classname="comcast.test.app.testCases.socialSharing.VerifyEmailSharringPopuoWindowContents" name="testVerifyEmailSharringPopuoWindowContents" time="104.298" />
  <testcase classname="comcast.test.app.testCases.socialSharing.VerifyEmailSharingFormMessageContent" name="testVerifyEmailSharingFormMessageContent" time="103.087" />
  <testcase classname="comcast.test.app.testCases.socialSharing.VerifyEmailSharingFormCloseButton" name="testVerifyEmailSharingFormCloseButton" time="108.334" />
  <testcase classname="comcast.test.app.testCases.socialSharing.VerifyEmailSharingSendWithBlankFields" name="testVerifyEmailSharingSendWithBlankFields" time="106.178" />
  <testcase classname="comcast.test.app.testCases.socialSharing.VerifyEmailSharingSendFunctionality" name="testVerifyEmailSharingSendFunctionality" time="143.533">
    <error message="Timed out after 30 seconds waiting for element to be clickable: By.xpath: //div[@id=&apos;player_container&apos;]/descendant::li[@class=&apos;share&apos;]/descendant::li[3]&#xa;Build info: version: &apos;2.43.1&apos;, revision: &apos;5163bce&apos;, time: &apos;2014-09-10 16:27:33&apos;&#xa;System info: host: &apos;VDC01DELW0204&apos;, ip: &apos;192.168.162.28&apos;, os.name: &apos;Windows 7&apos;, os.arch: &apos;amd64&apos;, os.version: &apos;6.1&apos;, java.version: &apos;1.7.0_40&apos;&#xa;Session ID: 0bdfe31f256cafb911da8e17ad950bfc&#xa;Driver info: org.openqa.selenium.chrome.ChromeDriver&#xa;Capabilities [{platform=XP, acceptSslCerts=true, javascriptEnabled=true, browserName=chrome, chrome={userDataDir=C:\Users\MANOJ~1.PAR\AppData\Local\Temp\scoped_dir5448_23358}, rotatable=false, locationContextEnabled=true, version=46.0.2490.80, takesHeapSnapshot=true, cssSelectorsEnabled=true, databaseEnabled=false, handlesAlerts=true, browserConnectionEnabled=false, nativeEvents=true, webStorageEnabled=true, applicationCacheEnabled=false, takesScreenshot=true}]" type="org.openqa.selenium.TimeoutException">org.openqa.selenium.TimeoutException: Timed out after 30 seconds waiting for element to be clickable: By.xpath: //div[@id=&apos;player_container&apos;]/descendant::li[@class=&apos;share&apos;]/descendant::li[3]
Build info: version: &apos;2.43.1&apos;, revision: &apos;5163bce&apos;, time: &apos;2014-09-10 16:27:33&apos;
System info: host: &apos;VDC01DELW0204&apos;, ip: &apos;192.168.162.28&apos;, os.name: &apos;Windows 7&apos;, os.arch: &apos;amd64&apos;, os.version: &apos;6.1&apos;, java.version: &apos;1.7.0_40&apos;
Session ID: 0bdfe31f256cafb911da8e17ad950bfc
Driver info: org.openqa.selenium.chrome.ChromeDriver
Capabilities [{platform=XP, acceptSslCerts=true, javascriptEnabled=true, browserName=chrome, chrome={userDataDir=C:\Users\MANOJ~1.PAR\AppData\Local\Temp\scoped_dir5448_23358}, rotatable=false, locationContextEnabled=true, version=46.0.2490.80, takesHeapSnapshot=true, cssSelectorsEnabled=true, databaseEnabled=false, handlesAlerts=true, browserConnectionEnabled=false, nativeEvents=true, webStorageEnabled=true, applicationCacheEnabled=false, takesScreenshot=true}]
	at org.openqa.selenium.support.ui.WebDriverWait.timeoutException(WebDriverWait.java:79)
	at org.openqa.selenium.support.ui.FluentWait.until(FluentWait.java:228)
	at comcast.test.app.testCases.socialSharing.socialSharingFunctions.SocialSharingFun.clickonEmailButtonFromPlayer(SocialSharingFun.java:111)
	at comcast.test.app.testCases.socialSharing.VerifyEmailSharingSendFunctionality.testVerifyEmailSharingSendFunctionality(VerifyEmailSharingSendFunctionality.java:90)
</error>
  </testcase>
  <testcase classname="comcast.test.app.testCases.socialSharing.VerifyEmailSharingSendWithInvalidEmails" name="testVerifyEmailSharingSendWithInvalidEmails" time="122.57" />
  <testcase classname="comcast.test.app.testCases.socialSharing.VerifyEmailSharingSendWithInvalidFromEmail" name="testVerifyEmailSharingSendWithInvalidFromEmail" time="126.365">
    <error message="Timed out after 30 seconds waiting for element to be clickable: By.xpath: //div[@id=&apos;player_container&apos;]/descendant::li[@class=&apos;share&apos;]/descendant::li[3]&#xa;Build info: version: &apos;2.43.1&apos;, revision: &apos;5163bce&apos;, time: &apos;2014-09-10 16:27:33&apos;&#xa;System info: host: &apos;VDC01DELW0204&apos;, ip: &apos;192.168.162.28&apos;, os.name: &apos;Windows 7&apos;, os.arch: &apos;amd64&apos;, os.version: &apos;6.1&apos;, java.version: &apos;1.7.0_40&apos;&#xa;Session ID: 0c71184c5ef954788e0a6f917c0b666e&#xa;Driver info: org.openqa.selenium.chrome.ChromeDriver&#xa;Capabilities [{platform=XP, acceptSslCerts=true, javascriptEnabled=true, browserName=chrome, chrome={userDataDir=C:\Users\MANOJ~1.PAR\AppData\Local\Temp\scoped_dir6952_14544}, rotatable=false, locationContextEnabled=true, version=46.0.2490.80, takesHeapSnapshot=true, cssSelectorsEnabled=true, databaseEnabled=false, handlesAlerts=true, browserConnectionEnabled=false, nativeEvents=true, webStorageEnabled=true, applicationCacheEnabled=false, takesScreenshot=true}]" type="org.openqa.selenium.TimeoutException">org.openqa.selenium.TimeoutException: Timed out after 30 seconds waiting for element to be clickable: By.xpath: //div[@id=&apos;player_container&apos;]/descendant::li[@class=&apos;share&apos;]/descendant::li[3]
Build info: version: &apos;2.43.1&apos;, revision: &apos;5163bce&apos;, time: &apos;2014-09-10 16:27:33&apos;
System info: host: &apos;VDC01DELW0204&apos;, ip: &apos;192.168.162.28&apos;, os.name: &apos;Windows 7&apos;, os.arch: &apos;amd64&apos;, os.version: &apos;6.1&apos;, java.version: &apos;1.7.0_40&apos;
Session ID: 0c71184c5ef954788e0a6f917c0b666e
Driver info: org.openqa.selenium.chrome.ChromeDriver
Capabilities [{platform=XP, acceptSslCerts=true, javascriptEnabled=true, browserName=chrome, chrome={userDataDir=C:\Users\MANOJ~1.PAR\AppData\Local\Temp\scoped_dir6952_14544}, rotatable=false, locationContextEnabled=true, version=46.0.2490.80, takesHeapSnapshot=true, cssSelectorsEnabled=true, databaseEnabled=false, handlesAlerts=true, browserConnectionEnabled=false, nativeEvents=true, webStorageEnabled=true, applicationCacheEnabled=false, takesScreenshot=true}]
	at org.openqa.selenium.support.ui.WebDriverWait.timeoutException(WebDriverWait.java:79)
	at org.openqa.selenium.support.ui.FluentWait.until(FluentWait.java:228)
	at comcast.test.app.testCases.socialSharing.socialSharingFunctions.SocialSharingFun.clickonEmailButtonFromPlayer(SocialSharingFun.java:111)
	at comcast.test.app.testCases.socialSharing.VerifyEmailSharingSendWithInvalidFromEmail.testVerifyEmailSharingSendWithInvalidFromEmail(VerifyEmailSharingSendWithInvalidFromEmail.java:87)
</error>
  </testcase>
  <testcase classname="comcast.test.app.testCases.socialSharing.VerifyEmailSharingSendWithInvalidToEmail" name="testVerifyEmailSharingSendWithInvalidToEmail" time="104.664" />
  <testcase classname="comcast.test.app.testCases.socialSharing.VerifyCopyUrlFunctionalityFromVideoControls" name="testVerifyCopyUrlFunctionalityFromVideoControls" time="100.495" />
  <testcase classname="comcast.test.app.testCases.playLists.VeriyPlayListsTitle" name="testVeriyPlayListsTitle" time="28.636" />
  <testcase classname="comcast.test.app.testCases.playLists.VeriyPlayListsPageTitle" name="testVeriyPlayListsPageTitle" time="40.003" />
  <testcase classname="comcast.test.app.testCases.playLists.VerifyClickOnWatchableLogoFromAllPlayListsPageNavigatesHomePage" name="testVerifyClickOnWatchableLogoFromAllPlayListsPageNavigatesHomePage" time="49.851" />
  <testcase classname="comcast.test.app.testCases.playLists.VerifyAllPlayListsPageContents" name="testVerifyAllPlayListsPageContents" time="40.243" />
  <testcase classname="comcast.test.app.testCases.playLists.VerifySinglePlayListContents" name="testVerifySinglePlayListContents" time="42.221" />
  <testcase classname="comcast.test.app.testCases.playLists.VerifyVideoPageTitleNavigatingFromPlayList" name="testVerifyVideoPageTitleNavigatingFromPlayList" time="69.703" />
  <testcase classname="comcast.test.app.testCases.playLists.VerifyNavigatingToVideoPageClickingOnWatchLinkFromPlayList" name="testVerifyNavigatingToVideoPageClickingOnWatchLinkFromPlayList" time="69.79" />
  <testcase classname="comcast.test.app.testCases.playLists.VerifyNavigatingToVideoPageClickingOnPlayIconFromPlayList" name="testVerifyNavigatingToVideoPageClickingOnPlayIconFromPlayList" time="70.132" />
  <testcase classname="comcast.test.app.testCases.playLists.VerifyNavigatingToVideoPageClickingOnGenreButtonFromPlayList" name="testVerifyNavigatingToVideoPageClickingOnGenreButtonFromPlayList" time="71.285" />
  <testcase classname="comcast.test.app.testCases.playLists.VerifyNavigatingToVideoPageClickingOnPlayListImgFromPlayList" name="testVerifyNavigatingToVideoPageClickingOnPlayListImgFromPlayList" time="69.471" />
  <testcase classname="comcast.test.app.testCases.playLists.VerifyNavigatingToVideoPageClickingOnPlayListTitleFromPlayList" name="testVerifyNavigatingToVideoPageClickingOnPlayListTitleFromPlayList" time="70.837" />
  <testcase classname="comcast.test.app.testCases.playLists.VerifyNavigatingToVideoPageClickingOnPlayListDescFromPlayList" name="testVerifyNavigatingToVideoPageClickingOnPlayListDescFromPlayList" time="70.399" />
  <testcase classname="comcast.test.app.testCases.playLists.VerifyNavigatingToVideoPageClickingOnPlayListVideoDetailFromPlayList" name="testVerifyNavigatingToVideoPageClickingOnPlayListVideoDetailFromPlayList" time="70.679" />
  <testcase classname="comcast.test.app.testCases.playLists.VerifyPlayListShareOptionInVideoPage" name="testVerifyPlayListShareOptionInVideoPage" time="77.265" />
  <testcase classname="comcast.test.app.testCases.playLists.VerifyCopyPlayListUrlButton" name="testVerifyPlayListShareOptionInVideoPage" time="78.641" />
  <testcase classname="comcast.test.app.testCases.playLists.VerifyPlayListEmailSharringPopuoWindowContents" name="testVerifyPlayListEmailSharringPopuoWindowContents" time="95.35" />
  <testcase classname="comcast.test.app.testCases.playLists.VerifyPlayListEmailSharringFormCloseButton" name="testVerifyPlayListEmailSharringFormCloseButton" time="94.564" />
  <testcase classname="comcast.test.app.testCases.playLists.VerifyPlayListEmailSharringFunctionality" name="testVerifyPlayListEmailSharringFunctionality" time="89.14" />
  <testcase classname="comcast.test.app.testCases.playLists.VerifyPlayListSharingFormMessageContent" name="testVerifyPlayListSharingFormMessageContent" time="90.041" />
  <testcase classname="comcast.test.app.testCases.playLists.VerifyPlayListSharingSendFunctionality" name="testVerifyPlayListSharingSendFunctionality" time="98.529" />
  <testcase classname="comcast.test.app.testCases.playLists.VerifyPlayListSharingSendWithBlankFields" name="testVerifyPlayListSharingSendWithBlankFields" time="100.979" />
  <testcase classname="comcast.test.app.testCases.playLists.VerifyPlayListSharingSendWithInvalidEmails" name="testVerifyPlayListSharingSendWithInvalidEmails" time="100.149" />
  <testcase classname="comcast.test.app.testCases.playLists.VerifyPlayListSharingSendWithInvalidFromEmail" name="testVerifyPlayListSharingSendWithInvalidFromEmail" time="98.274" />
  <testcase classname="comcast.test.app.testCases.playLists.VerifyPlayListSharingSendWithInvalidToEmail" name="testVerifyPlayListSharingSendWithInvalidToEmail" time="97.64" />
  <testcase classname="comcast.test.app.testCases.playLists.VerifyPlayListSharingTwitterFunctionality" name="testVerifyPlayListSharingTwitterFunctionality" time="94.52" />
  <testcase classname="comcast.test.app.testCases.playLists.VerifyPlayListSharingFaceBookFunctionality" name="testVerifyPlayListSharingFaceBookFunctionality" time="92.978" />
  <testcase classname="comcast.test.app.testCases.playLists.VerifyClickingOnHomeFooterLinkFromPlayListsPageNavigatesHomePage" name="testVerifyClickingOnHomeFooterLinkFromPlayListsPageNavigatesHomePage" time="67.504" />
  <testcase classname="comcast.test.app.testCases.playLists.VerifyUserNavigatingToHomePageLogoutFromAllPlayListsPage" name="testVerifyUserNavigatingToHomePageLogoutFromAllPlayListsPage" time="106.487" />
  <testcase classname="comcast.test.app.testCases.playerVideoPage.VerifyNavigatingToVideoPageFromHomePage" name="testVerifyNavigatingToVideoPageFromHomePage" time="76.981" />
  <testcase classname="comcast.test.app.testCases.playerVideoPage.VerifyNavigatingToVideoPageFromChannelPage" name="testVerifyNavigatingToVideoPageFromChannelPage" time="102.928" />
  <testcase classname="comcast.test.app.testCases.playerVideoPage.VerifyNavigatingToVideoPageFromSearchResultPage" name="testVerifyNavigatingToVideoPageFromSearchResultPage" time="68.042" />
  <testcase classname="comcast.test.app.testCases.playerVideoPage.VerifyNavigatingToVideoPageFromMyWatchlistPage" name="testVerifyNavigatingToVideoPageFromMyWatchlistPage" time="93.714" />
  <testcase classname="comcast.test.app.testCases.playerVideoPage.VerifyControlsOnVideoPlayerDuringPlay" name="testVerifyControlsOnVideoPlayerDuringPlay" time="189.969" />
  <testcase classname="comcast.test.app.testCases.playerVideoPage.VerifyControlsOnVideoPlayerDuringPause" name="testVerifyControlsOnVideoPlayerDuringPause" time="197.293" />
  <testcase classname="comcast.test.app.testCases.playerVideoPage.VerifyCurrentDuration" name="testVerifyCurrentDuration" time="108.352" />
  <testcase classname="comcast.test.app.testCases.playerVideoPage.VerifyVideoTotalDuration" name="testVerifyVideoTotalDuration" time="127.204" />
  <testcase classname="comcast.test.app.testCases.playerVideoPage.VerifyCurrentPlayingVideoTitle" name="testVerifyCurrentPlayingVideoTitle" time="75.434" />
  <testcase classname="comcast.test.app.testCases.playerVideoPage.VerifyChannelNameOfCurrentPlayingVideo" name="testVerifyChannelNameOfCurrentPlayingVideo" time="82.901" />
  <testcase classname="comcast.test.app.testCases.playerVideoPage.VerifyNavigatingToChannelPageFromVideoPage" name="testVerifyNavigatingToChannelPageFromVideoPage" time="92.712" />
  <testcase classname="comcast.test.app.testCases.playerVideoPage.VerifyPauseFunctionality" name="testVerifyPauseFunctionality" time="104.616" />
  <testcase classname="comcast.test.app.testCases.playerVideoPage.VerifyReportWithoutLogin" name="testVerifyReportWithoutLogin" time="122.449">
    <error message="Timed out after 20 seconds waiting for element to be clickable: By.xpath: //li[@id=&apos;report&apos;]&#xa;Build info: version: &apos;2.43.1&apos;, revision: &apos;5163bce&apos;, time: &apos;2014-09-10 16:27:33&apos;&#xa;System info: host: &apos;VDC01DELW0204&apos;, ip: &apos;192.168.162.28&apos;, os.name: &apos;Windows 7&apos;, os.arch: &apos;amd64&apos;, os.version: &apos;6.1&apos;, java.version: &apos;1.7.0_40&apos;&#xa;Session ID: ef4ec3a7a6745d812289f8f93adb1caa&#xa;Driver info: org.openqa.selenium.chrome.ChromeDriver&#xa;Capabilities [{platform=XP, acceptSslCerts=true, javascriptEnabled=true, browserName=chrome, chrome={userDataDir=C:\Users\MANOJ~1.PAR\AppData\Local\Temp\scoped_dir4504_17311}, rotatable=false, locationContextEnabled=true, version=46.0.2490.80, takesHeapSnapshot=true, cssSelectorsEnabled=true, databaseEnabled=false, handlesAlerts=true, browserConnectionEnabled=false, nativeEvents=true, webStorageEnabled=true, applicationCacheEnabled=false, takesScreenshot=true}]" type="org.openqa.selenium.TimeoutException">org.openqa.selenium.TimeoutException: Timed out after 20 seconds waiting for element to be clickable: By.xpath: //li[@id=&apos;report&apos;]
Build info: version: &apos;2.43.1&apos;, revision: &apos;5163bce&apos;, time: &apos;2014-09-10 16:27:33&apos;
System info: host: &apos;VDC01DELW0204&apos;, ip: &apos;192.168.162.28&apos;, os.name: &apos;Windows 7&apos;, os.arch: &apos;amd64&apos;, os.version: &apos;6.1&apos;, java.version: &apos;1.7.0_40&apos;
Session ID: ef4ec3a7a6745d812289f8f93adb1caa
Driver info: org.openqa.selenium.chrome.ChromeDriver
Capabilities [{platform=XP, acceptSslCerts=true, javascriptEnabled=true, browserName=chrome, chrome={userDataDir=C:\Users\MANOJ~1.PAR\AppData\Local\Temp\scoped_dir4504_17311}, rotatable=false, locationContextEnabled=true, version=46.0.2490.80, takesHeapSnapshot=true, cssSelectorsEnabled=true, databaseEnabled=false, handlesAlerts=true, browserConnectionEnabled=false, nativeEvents=true, webStorageEnabled=true, applicationCacheEnabled=false, takesScreenshot=true}]
	at org.openqa.selenium.support.ui.WebDriverWait.timeoutException(WebDriverWait.java:79)
	at org.openqa.selenium.support.ui.FluentWait.until(FluentWait.java:228)
	at comcast.test.app.testCases.playerVideoPage.playerPageFunctions.PlayerPageFun.clickOnReportButton(PlayerPageFun.java:268)
	at comcast.test.app.testCases.playerVideoPage.VerifyReportWithoutLogin.testVerifyReportWithoutLogin(VerifyReportWithoutLogin.java:75)
</error>
  </testcase>
  <testcase classname="comcast.test.app.testCases.playerVideoPage.VerifyReportAfterLogin" name="testVerifyReportAfterLogin" time="158.174">
    <error message="Timed out after 20 seconds waiting for element to be clickable: By.xpath: //li[@id=&apos;report&apos;]&#xa;Build info: version: &apos;2.43.1&apos;, revision: &apos;5163bce&apos;, time: &apos;2014-09-10 16:27:33&apos;&#xa;System info: host: &apos;VDC01DELW0204&apos;, ip: &apos;192.168.162.28&apos;, os.name: &apos;Windows 7&apos;, os.arch: &apos;amd64&apos;, os.version: &apos;6.1&apos;, java.version: &apos;1.7.0_40&apos;&#xa;Session ID: fc096f01496566620edbb17a616e9912&#xa;Driver info: org.openqa.selenium.chrome.ChromeDriver&#xa;Capabilities [{platform=XP, acceptSslCerts=true, javascriptEnabled=true, browserName=chrome, chrome={userDataDir=C:\Users\MANOJ~1.PAR\AppData\Local\Temp\scoped_dir5492_21199}, rotatable=false, locationContextEnabled=true, version=46.0.2490.80, takesHeapSnapshot=true, cssSelectorsEnabled=true, databaseEnabled=false, handlesAlerts=true, browserConnectionEnabled=false, nativeEvents=true, webStorageEnabled=true, applicationCacheEnabled=false, takesScreenshot=true}]" type="org.openqa.selenium.TimeoutException">org.openqa.selenium.TimeoutException: Timed out after 20 seconds waiting for element to be clickable: By.xpath: //li[@id=&apos;report&apos;]
Build info: version: &apos;2.43.1&apos;, revision: &apos;5163bce&apos;, time: &apos;2014-09-10 16:27:33&apos;
System info: host: &apos;VDC01DELW0204&apos;, ip: &apos;192.168.162.28&apos;, os.name: &apos;Windows 7&apos;, os.arch: &apos;amd64&apos;, os.version: &apos;6.1&apos;, java.version: &apos;1.7.0_40&apos;
Session ID: fc096f01496566620edbb17a616e9912
Driver info: org.openqa.selenium.chrome.ChromeDriver
Capabilities [{platform=XP, acceptSslCerts=true, javascriptEnabled=true, browserName=chrome, chrome={userDataDir=C:\Users\MANOJ~1.PAR\AppData\Local\Temp\scoped_dir5492_21199}, rotatable=false, locationContextEnabled=true, version=46.0.2490.80, takesHeapSnapshot=true, cssSelectorsEnabled=true, databaseEnabled=false, handlesAlerts=true, browserConnectionEnabled=false, nativeEvents=true, webStorageEnabled=true, applicationCacheEnabled=false, takesScreenshot=true}]
	at org.openqa.selenium.support.ui.WebDriverWait.timeoutException(WebDriverWait.java:79)
	at org.openqa.selenium.support.ui.FluentWait.until(FluentWait.java:228)
	at comcast.test.app.testCases.playerVideoPage.playerPageFunctions.PlayerPageFun.clickOnReportButton(PlayerPageFun.java:268)
	at comcast.test.app.testCases.playerVideoPage.VerifyReportAfterLogin.testVerifyReportAfterLogin(VerifyReportAfterLogin.java:125)
</error>
  </testcase>
  <testcase classname="comcast.test.app.testCases.playerVideoPage.VerifyReportCancelAfterLogin" name="testVerifyReportCancelAfterLogin" time="117.051" />
  <testcase classname="comcast.test.app.testCases.playerVideoPage.VerifyPartiallyPlayedVideo" name="testVerifyPartiallyPlayedVideo" time="94.024" />
  <testcase classname="comcast.test.app.testCases.playerVideoPage.VerifyPlayFromStartPoint" name="testVerifyPlayFromStartPoint" time="77.029" />
  <testcase classname="comcast.test.app.testCases.playerVideoPage.VerifyPlayFromResumePoint" name="testVerifyPlayFromResumePoint" time="41.112" />
  <testcase classname="comcast.test.app.testCases.playerVideoPage.VerifyClickOnWatchableLogoFromVideoPageNavigatesHomePage" name="testVerifyClickOnWatchableLogoFromVideoPageNavigatesHomePage" time="83.186" />
  <testcase classname="comcast.test.app.testCases.playerVideoPage.VerifyVideoPageTitle" name="testVerifyVideoPageTitle" time="76.07" />
  <testcase classname="comcast.test.app.testCases.playerVideoPage.VerifyVideoContentsWhenPlayPaused" name="testVerifyVideoContentsWhenPlayPaused" time="82.062" />
  <testcase classname="comcast.test.app.testCases.playerVideoPage.VerifyUpNexSectionInVideoPage" name="testVerifyUpNexSectionInVideoPage" time="80.828" />
  <testcase classname="comcast.test.app.testCases.playerVideoPage.VerifyShowTitleInUpNextSectionInVideoPage" name="testVerifyShowTitleInUpNextSectionInVideoPage" time="69.861" />
  <testcase classname="comcast.test.app.testCases.playerVideoPage.VerifyNavigatingToShowPageOnClickingShowTitleFromUpNextSection" name="testVerifyNavigatingToShowPageOnClickingShowTitleFromUpNextSection" time="98.628" />
  <testcase classname="comcast.test.app.testCases.playerVideoPage.VerifyMetadataDisplayedMouseOverOnVideo" name="testVerifyMetadataDisplayedMouseOverOnVideo" time="82.717" />
  <testcase classname="comcast.test.app.testCases.playerVideoPage.VerifyClickingOnHomeFooterLinkFromVideoPageNavigatesHomePage" name="testVerifyClickingOnHomeFooterLinkFromVideoPageNavigatesHomePage" time="127.423" />
  <testcase classname="comcast.test.app.testCases.playerVideoPage.VerifyUserNavigatingToHomePageLogoutFromVideoPage" name="testVerifyUserNavigatingToHomePageLogoutFromVideoPage" time="140.071" />
  <system-out><![CDATA[ INFO [main] (VerifyAllHomeCategoriesAreDisplayed.java:34) - Script: VerifyAllHomeCategoriesAreDisplayed
 INFO [main] (VerifyAllHomeCategoriesAreDisplayed.java:35) - *******************************************
 INFO [main] (VerifyAllHomeCategoriesAreDisplayed.java:42) - Successfully opened the application
 INFO [main] (AssertionRepoFunctions.java:1113) - Playlists menu is present in Header section
 INFO [main] (AssertionRepoFunctions.java:1126) - My Shows menu is present in Header section
 INFO [main] (AssertionRepoFunctions.java:1132) - Login menu is present in Header section
 INFO [main] (AssertionRepoFunctions.java:1138) - Sign Up menu is present in Header section
 INFO [main] (VerifyAllHomeCategoriesAreDisplayed.java:51) - Header section is present in home page
 INFO [main] (VerifyAllHomeCategoriesAreDisplayed.java:65) - What we're watching section is present in home page
 INFO [main] (VerifyAllHomeCategoriesAreDisplayed.java:78) - Watchable shows of the week section is present in home page
 INFO [main] (VerifyAllHomeCategoriesAreDisplayed.java:89) - Shows by genre section is present in home page
 INFO [main] (VerifyAllHomeCategoriesAreDisplayed.java:101) - Footer section is present in home page
 INFO [main] (VerifyAllHomeCategoriesAreDisplayed.java:102) - 
 INFO [main] (VerifyHeaderlinksWithoutLogin.java:31) - Script: VerifyHeaderlinksWithoutLogin
 INFO [main] (VerifyHeaderlinksWithoutLogin.java:32) - *************************************
 INFO [main] (VerifyHeaderlinksWithoutLogin.java:38) - Successfully opened the application
 INFO [main] (VerifyHeaderlinksWithoutLogin.java:46) - Watchable Logo is present in header
 INFO [main] (VerifyHeaderlinksWithoutLogin.java:54) - Playlists menu is present in header
 INFO [main] (VerifyHeaderlinksWithoutLogin.java:72) - My Shows menu is present in header
 INFO [main] (VerifyHeaderlinksWithoutLogin.java:80) - Search icon(button) is present in header
 INFO [main] (HomeFun.java:187) - Successfully clicked on Search icon
 INFO [main] (VerifyHeaderlinksWithoutLogin.java:91) - Search text box is present in header
 INFO [main] (VerifyHeaderlinksWithoutLogin.java:99) - Log In menu is present in header
 INFO [main] (VerifyHeaderlinksWithoutLogin.java:107) - Sign Up menu is present in header
 INFO [main] (VerifyHeaderlinksWithoutLogin.java:108) - 
 INFO [main] (VerifyHeaderlinksWithLogin.java:32) - Script: VerifyHeaderlinksWithLogin
 INFO [main] (VerifyHeaderlinksWithLogin.java:33) - **********************************
 INFO [main] (VerifyHeaderlinksWithLogin.java:40) - Successfully opened the application
 INFO [main] (LoginFun.java:44) - Login form opened successfully
 INFO [main] (LoginFun.java:52) - User name entered: watchable_v2.30.26.6@gmail.com
 INFO [main] (LoginFun.java:60) - Password entered: Demo1111
 INFO [main] (LoginFun.java:66) - Clicked on Login button from Login form
 INFO [main] (LoginFun.java:78) - Successfully login Watchable application...!
 INFO [main] (VerifyHeaderlinksWithLogin.java:58) - Watchable Logo is present in header
 INFO [main] (VerifyHeaderlinksWithLogin.java:66) - Playlists menu is present in header
 INFO [main] (VerifyHeaderlinksWithLogin.java:74) - All Shows menu is present in header
 INFO [main] (VerifyHeaderlinksWithLogin.java:82) - My Shows menu is present in header
 INFO [main] (VerifyHeaderlinksWithLogin.java:90) - Search icon(button) is present in header
 INFO [main] (HomeFun.java:187) - Successfully clicked on Search icon
 INFO [main] (VerifyHeaderlinksWithLogin.java:101) - Search text box is present in header
 INFO [main] (VerifyHeaderlinksWithLogin.java:109) - User profile icon is present in header
 INFO [main] (VerifyHeaderlinksWithLogin.java:118) - Login user email is present in header
 INFO [main] (VerifyHeaderlinksWithLogin.java:122) - 
 INFO [main] (VerifyFooterlinksWithoutLogin.java:30) - Script: VerifyFooterlinksWithoutLogin
 INFO [main] (VerifyFooterlinksWithoutLogin.java:31) - *************************************
 INFO [main] (VerifyFooterlinksWithoutLogin.java:38) - Successfully opened the application
 INFO [main] (VerifyFooterlinksWithoutLogin.java:49) - Watchable Logo is present in footer
 INFO [main] (VerifyFooterlinksWithoutLogin.java:57) - Home link is present in footer
 INFO [main] (VerifyFooterlinksWithoutLogin.java:75) - Help link is present in footer
 INFO [main] (VerifyFooterlinksWithoutLogin.java:83) - Contact Us link is present in footer
 INFO [main] (VerifyFooterlinksWithoutLogin.java:92) - Privacy Policy link is present in footer
 INFO [main] (VerifyFooterlinksWithoutLogin.java:99) - Terms of Use link is present in footer
 INFO [main] (VerifyFooterlinksWithoutLogin.java:107) - Ad Choices link is present in footer
 INFO [main] (VerifyFooterlinksWithoutLogin.java:115) - Copyright text is present in footer
 INFO [main] (VerifyFooterlinksWithoutLogin.java:116) - 
 INFO [main] (VerifyFooterlinksWithLogin.java:34) - Script: VerifyFooterlinksWithLogin
 INFO [main] (VerifyFooterlinksWithLogin.java:35) - **********************************
 INFO [main] (VerifyFooterlinksWithLogin.java:42) - Successfully opened the application
 INFO [main] (LoginFun.java:44) - Login form opened successfully
 INFO [main] (LoginFun.java:52) - User name entered: watchable_v2.30.26.6@gmail.com
 INFO [main] (LoginFun.java:60) - Password entered: Demo1111
 INFO [main] (LoginFun.java:66) - Clicked on Login button from Login form
 INFO [main] (LoginFun.java:78) - Successfully login Watchable application...!
 INFO [main] (VerifyFooterlinksWithLogin.java:63) - Watchable Logo is present in footer
 INFO [main] (VerifyFooterlinksWithLogin.java:70) - Home link is present in footer
 INFO [main] (VerifyFooterlinksWithLogin.java:88) - Help link is present in footer
 INFO [main] (VerifyFooterlinksWithLogin.java:97) - Contact Us link is present in footer
 INFO [main] (VerifyFooterlinksWithLogin.java:106) - Privacy Policy link is present in footer
 INFO [main] (VerifyFooterlinksWithLogin.java:115) - Terms of Use link is present in footer
 INFO [main] (VerifyFooterlinksWithLogin.java:124) - Ad Choices link is present in footer
 INFO [main] (VerifyFooterlinksWithLogin.java:133) - Copyright text is present in footer
 INFO [main] (VerifyFooterlinksWithLogin.java:152) - 
 INFO [main] (VerifyClickingOnWatchableHeaderLogoNavigatesHomePage.java:31) - Script: VerifyClickingOnWatchableHeaderLogoNavigatesHomePage
 INFO [main] (VerifyClickingOnWatchableHeaderLogoNavigatesHomePage.java:32) - ************************************************************
 INFO [main] (VerifyClickingOnWatchableHeaderLogoNavigatesHomePage.java:40) - Successfully opened the application
 INFO [main] (HomeFun.java:25) - Successfully clicked On First show Link from Watchable SHOWS OF THE WEEK section
 INFO [main] (HomeFun.java:34) - Successfully navigate to show details page
 INFO [main] (HomeFun.java:85) - Successfully clicked On Top Watchable Logo
 INFO [main] (VerifyClickingOnWatchableHeaderLogoNavigatesHomePage.java:59) - Successfully Navigated to Home page after clicking on Home link
 INFO [main] (VerifyClickingOnWatchableHeaderLogoNavigatesHomePage.java:60) - 
 INFO [main] (VerifyClickingOnWatchableFooterLogoNavigatesHomePage.java:32) - Script: VerifyClickingOnWatchableFooterLogoNavigatesHomePage
 INFO [main] (VerifyClickingOnWatchableFooterLogoNavigatesHomePage.java:33) - ************************************************************
 INFO [main] (VerifyClickingOnWatchableFooterLogoNavigatesHomePage.java:41) - Successfully opened the application
 INFO [main] (HomeFun.java:25) - Successfully clicked On First show Link from Watchable SHOWS OF THE WEEK section
 INFO [main] (HomeFun.java:34) - Successfully navigate to show details page
 INFO [main] (HomeFun.java:103) - Successfully clicked On footer Watchable Logo
 INFO [main] (VerifyClickingOnWatchableFooterLogoNavigatesHomePage.java:63) - Successfully Navigated to Home page after clicking on Home link
 INFO [main] (VerifyClickingOnWatchableFooterLogoNavigatesHomePage.java:64) - 
 INFO [main] (VerifyFeaturedPlaylistsAreDisplayed.java:31) - Script: VerifyFeaturedPlaylistsAreDisplayed
 INFO [main] (VerifyFeaturedPlaylistsAreDisplayed.java:32) - ********************************************
 INFO [main] (VerifyFeaturedPlaylistsAreDisplayed.java:40) - Successfully opened the application
 INFO [main] (VerifyFeaturedPlaylistsAreDisplayed.java:51) - Featured Playlists video row is present in home page
 INFO [main] (VerifyFeaturedPlaylistsAreDisplayed.java:59) - Featured Playlists row contains videos
 INFO [main] (VerifyFeaturedPlaylistsAreDisplayed.java:60) - 6 Videos are present in featured Playlists section in home page
 INFO [main] (VerifyFeaturedPlaylistsAreDisplayed.java:62) - The following videos are present in featured Playlists section
 INFO [main] (VerifyFeaturedPlaylistsAreDisplayed.java:63) - --------------------------------------------------------------
 INFO [main] (VerifyFeaturedPlaylistsAreDisplayed.java:66) - 1. Going "Rogue" at the movies
 INFO [main] (VerifyFeaturedPlaylistsAreDisplayed.java:72) -    Video description: Your "Mission:Impossible" should you choose to accept: preview of 10 of this year's hottest movies.
 INFO [main] (VerifyFeaturedPlaylistsAreDisplayed.java:77) -    Video detail: 10 videos / 24:46
 INFO [main] (VerifyFeaturedPlaylistsAreDisplayed.java:66) - 2. Going "Rogue" at the movies
 INFO [main] (VerifyFeaturedPlaylistsAreDisplayed.java:72) -    Video description: Your "Mission:Impossible" should you choose to accept: preview of 10 of this year's hottest movies.
 INFO [main] (VerifyFeaturedPlaylistsAreDisplayed.java:77) -    Video detail: 10 videos / 24:46
 INFO [main] (VerifyFeaturedPlaylistsAreDisplayed.java:66) - 3. Obama Nation
 INFO [main] (VerifyFeaturedPlaylistsAreDisplayed.java:72) -    Video description: President...
 INFO [main] (VerifyFeaturedPlaylistsAreDisplayed.java:77) -    Video detail: 6 videos / 54:26
 INFO [main] (VerifyFeaturedPlaylistsAreDisplayed.java:66) - 4. Obama Nation
 INFO [main] (VerifyFeaturedPlaylistsAreDisplayed.java:72) -    Video description: President...
 INFO [main] (VerifyFeaturedPlaylistsAreDisplayed.java:77) -    Video detail: 6 videos / 54:26
 INFO [main] (VerifyFeaturedPlaylistsAreDisplayed.java:66) - 5. Obama Nation
 INFO [main] (VerifyFeaturedPlaylistsAreDisplayed.java:72) -    Video description: President...
 INFO [main] (VerifyFeaturedPlaylistsAreDisplayed.java:77) -    Video detail: 6 videos / 54:26
 INFO [main] (VerifyFeaturedPlaylistsAreDisplayed.java:66) - 6. Do Your Best
 INFO [main] (VerifyFeaturedPlaylistsAreDisplayed.java:72) -    Video description: Videos of healthy and fitness tips...
 INFO [main] (VerifyFeaturedPlaylistsAreDisplayed.java:77) -    Video detail: 11 videos / 1:06:16
 INFO [main] (VerifyFeaturedPlaylistsAreDisplayed.java:92) - Carousel is present in featured play list section
 INFO [main] (VerifyFeaturedPlaylistsAreDisplayed.java:94) - 
 INFO [main] (VerifySixVideosDisplayedInFeaturedPlaylistsSection.java:35) - Script: VerifySixVideosDisplayedInFeaturedPlaylistsSection
 INFO [main] (VerifySixVideosDisplayedInFeaturedPlaylistsSection.java:36) - ***********************************************************
 INFO [main] (VerifySixVideosDisplayedInFeaturedPlaylistsSection.java:43) - Successfully opened the application
 INFO [main] (VerifySixVideosDisplayedInFeaturedPlaylistsSection.java:54) - Featured Playlists video row is present in home page
 INFO [main] (VerifySixVideosDisplayedInFeaturedPlaylistsSection.java:65) - Featured Playlists section contains 6 videos
 INFO [main] (VerifySixVideosDisplayedInFeaturedPlaylistsSection.java:67) - 
 INFO [main] (VerifySelectedVideoDetailsInFeaturedPlaylists.java:33) - Script: VerifySelectedVideoDetailsInFeaturedPlaylists
 INFO [main] (VerifySelectedVideoDetailsInFeaturedPlaylists.java:34) - *****************************************************
 INFO [main] (VerifySelectedVideoDetailsInFeaturedPlaylists.java:42) - Successfully opened the application
 INFO [main] (VerifySelectedVideoDetailsInFeaturedPlaylists.java:53) - Featured Playlists video row is present in home page
 INFO [main] (VerifySelectedVideoDetailsInFeaturedPlaylists.java:61) - Featured Playlists row contains videos
 INFO [main] (VerifySelectedVideoDetailsInFeaturedPlaylists.java:62) - The details of selected video in featured Playlists section
 INFO [main] (VerifySelectedVideoDetailsInFeaturedPlaylists.java:63) - --------------------------------------------------------------
 INFO [main] (VerifySelectedVideoDetailsInFeaturedPlaylists.java:65) - Name: TODAY'S PLAYLIST
 INFO [main] (VerifySelectedVideoDetailsInFeaturedPlaylists.java:69) - Name: Going "Rogue" at the movies
 INFO [main] (VerifySelectedVideoDetailsInFeaturedPlaylists.java:74) - Description: Your "Mission:Impossible" should you choose to accept: preview of 10 of this year's hottest movies.
 INFO [main] (VerifySelectedVideoDetailsInFeaturedPlaylists.java:79) - Video detail: 10 videos / 24:46
 INFO [main] (VerifySelectedVideoDetailsInFeaturedPlaylists.java:84) - 
 INFO [main] (VerifyGenreButtonDisplayedInFeaturedPlaylistsVideos.java:35) - Script: VerifyGenreButtonDisplayedInFeaturedPlaylistsVideos
 INFO [main] (VerifyGenreButtonDisplayedInFeaturedPlaylistsVideos.java:36) - ***********************************************************
 INFO [main] (VerifyGenreButtonDisplayedInFeaturedPlaylistsVideos.java:43) - Successfully opened the application
 INFO [main] (VerifyGenreButtonDisplayedInFeaturedPlaylistsVideos.java:54) - Featured Playlists video row is present in home page
 INFO [main] (VerifyGenreButtonDisplayedInFeaturedPlaylistsVideos.java:69) - Genre buttons is present in all 6 videos in playlist
 INFO [main] (VerifyGenreButtonDisplayedInFeaturedPlaylistsVideos.java:80) - Genre button is displayed on video 1
 INFO [main] (VerifyGenreButtonDisplayedInFeaturedPlaylistsVideos.java:80) - Genre button is displayed on video 2
 INFO [main] (VerifyGenreButtonDisplayedInFeaturedPlaylistsVideos.java:80) - Genre button is displayed on video 3
 INFO [main] (VerifyGenreButtonDisplayedInFeaturedPlaylistsVideos.java:80) - Genre button is displayed on video 4
 INFO [main] (VerifyGenreButtonDisplayedInFeaturedPlaylistsVideos.java:80) - Genre button is displayed on video 5
 INFO [main] (VerifyGenreButtonDisplayedInFeaturedPlaylistsVideos.java:80) - Genre button is displayed on video 6
 INFO [main] (VerifyGenreButtonDisplayedInFeaturedPlaylistsVideos.java:83) - 
 INFO [main] (VerifyFeaturedVideosAreDisplayed.java:31) - Script: VerifyFeaturedVideosAreDisplayed
 INFO [main] (VerifyFeaturedVideosAreDisplayed.java:32) - ****************************************
 INFO [main] (VerifyFeaturedVideosAreDisplayed.java:40) - Successfully opened the application
 INFO [main] (AssertionRepoFunctions.java:1377) - Video Section title 'What we're watching' is present in Home Page
 INFO [main] (VerifyFeaturedVideosAreDisplayed.java:53) - What We're WATCHING video row is present in home page
 INFO [main] (VerifyFeaturedVideosAreDisplayed.java:61) - What We're WATCHING video row contains videos
 INFO [main] (VerifyFeaturedVideosAreDisplayed.java:62) - 4 Videos are present in What We're WATCHING video section in home page
 INFO [main] (VerifyFeaturedVideosAreDisplayed.java:64) - The following videos are present in What We're WATCHING video section
 INFO [main] (VerifyFeaturedVideosAreDisplayed.java:65) - ----------------------------------------------------------
 INFO [main] (VerifyFeaturedVideosAreDisplayed.java:67) - 1. Build a Gaming PC on Your Budget- Holiday Buyer's..
 INFO [main] (VerifyFeaturedVideosAreDisplayed.java:73) -    Video duration: 13:47
 INFO [main] (VerifyFeaturedVideosAreDisplayed.java:85) -    Show Name: LINUSTECHTIPS 
 INFO [main] (VerifyFeaturedVideosAreDisplayed.java:86) -    Last Updated:  3 months ago
 INFO [main] (VerifyFeaturedVideosAreDisplayed.java:88) -  
 INFO [main] (VerifyFeaturedVideosAreDisplayed.java:67) - 2. Enjoy The Colors- Season 1 Episode 8
 INFO [main] (VerifyFeaturedVideosAreDisplayed.java:73) -    Video duration: 2:50
 INFO [main] (VerifyFeaturedVideosAreDisplayed.java:85) -    Show Name: FULLSCREEN ENTERTAINMENT 
 INFO [main] (VerifyFeaturedVideosAreDisplayed.java:86) -    Last Updated:  14 months ago
 INFO [main] (VerifyFeaturedVideosAreDisplayed.java:88) -  
 INFO [main] (VerifyFeaturedVideosAreDisplayed.java:67) - 3. The Man From U.N.C.L.E.
 INFO [main] (VerifyFeaturedVideosAreDisplayed.java:73) -    Video duration: 5:15
 INFO [main] (VerifyFeaturedVideosAreDisplayed.java:85) -    Show Name: TRAILERS: COMING TO THEATERS 
 INFO [main] (VerifyFeaturedVideosAreDisplayed.java:86) -    Last Updated:  3 months ago
 INFO [main] (VerifyFeaturedVideosAreDisplayed.java:88) -  
 INFO [main] (VerifyFeaturedVideosAreDisplayed.java:67) - 4. 7 reasons medical care in America can be deadly
 INFO [main] (VerifyFeaturedVideosAreDisplayed.java:73) -    Video duration: 1:15
 INFO [main] (VerifyFeaturedVideosAreDisplayed.java:85) -    Show Name: VOX 
 INFO [main] (VerifyFeaturedVideosAreDisplayed.java:86) -    Last Updated:  4 months ago
 INFO [main] (VerifyFeaturedVideosAreDisplayed.java:88) -  
 INFO [main] (VerifyFeaturedVideosAreDisplayed.java:91) - 
 INFO [main] (VerifyFeaturedChannelsAreDisplayed.java:31) - Script: VerifyFeaturedChannelsAreDisplayed
 INFO [main] (VerifyFeaturedChannelsAreDisplayed.java:32) - ******************************************
 INFO [main] (VerifyFeaturedChannelsAreDisplayed.java:40) - Successfully opened the application
 INFO [main] (AssertionRepoFunctions.java:1433) - The shows Section title 'Watchable shows of the week' is present  in Home Page
 INFO [main] (VerifyFeaturedChannelsAreDisplayed.java:54) - Watchable SHOWS OF THE WEEK row is present in home page
 INFO [main] (VerifyFeaturedChannelsAreDisplayed.java:63) - Watchable SHOWS OF THE WEEK row contains channels
 INFO [main] (VerifyFeaturedChannelsAreDisplayed.java:64) - 8 Shows are present in Watchable SHOWS OF THE WEEK section in home page
 INFO [main] (VerifyFeaturedChannelsAreDisplayed.java:66) - The following shows are present in Watchable SHOWS OF THE WEEK section
 INFO [main] (VerifyFeaturedChannelsAreDisplayed.java:67) - ----------------------------------------------------------------------
 INFO [main] (VerifyFeaturedChannelsAreDisplayed.java:69) - 1. JukinVideo
 INFO [main] (VerifyFeaturedChannelsAreDisplayed.java:69) - 2. POPSUGAR Fashion
 INFO [main] (VerifyFeaturedChannelsAreDisplayed.java:69) - 3. Fail Army
 INFO [main] (VerifyFeaturedChannelsAreDisplayed.java:69) - 4. Devin Supertramp
 INFO [main] (VerifyFeaturedChannelsAreDisplayed.java:69) - 5. LinusTechTips
 INFO [main] (VerifyFeaturedChannelsAreDisplayed.java:69) - 6. Munchies
 INFO [main] (VerifyFeaturedChannelsAreDisplayed.java:69) - 7. The Verge
 INFO [main] (VerifyFeaturedChannelsAreDisplayed.java:69) - 8. Raw.Vegan.Not Gross
 INFO [main] (VerifyFeaturedChannelsAreDisplayed.java:76) - 
 INFO [main] (VerifyAllGenreCategories.java:31) - Script: VerifyAllGenreCategories
 INFO [main] (VerifyAllGenreCategories.java:32) - ********************************
 INFO [main] (VerifyAllGenreCategories.java:40) - Successfully opened the application
 INFO [main] (AssertionRepoFunctions.java:1449) - The Genre Channel Section title 'Shows by genre' is present  in Home Page
 INFO [main] (VerifyAllGenreCategories.java:53) - Genre channel section is present in home page
 INFO [main] (VerifyAllGenreCategories.java:63) - Genre channel section contains Genre categories
 INFO [main] (VerifyAllGenreCategories.java:64) - 12 Genre categories are present in Genre channel section in home page
 INFO [main] (VerifyAllGenreCategories.java:66) - The following categories are present in categories
 INFO [main] (VerifyAllGenreCategories.java:67) - --------------------------------------------------
[...]
 INFO [main] (VerifyVideoContentsWhenPlayPaused.java:78) - The video title displayed is 'Build a Gaming PC on Your Budget- Holiday Buyer's..'
 INFO [main] (VerifyVideoContentsWhenPlayPaused.java:91) - The show title displayed is 'LINUSTECHTIPS'
 INFO [main] (VerifyVideoContentsWhenPlayPaused.java:104) - The show description displayed is 'Our second annual "Holiday Buyer's Guide" for systems at a variety of different price points is..'
 INFO [main] (VerifyVideoContentsWhenPlayPaused.java:116) - Selected video's show logo is displaying in video when play is paused
 INFO [main] (VerifyVideoContentsWhenPlayPaused.java:125) - follow button is displaying in video when play is paused
 INFO [main] (VerifyUpNexSectionInVideoPage.java:32) - Script: VerifyUpNexSectionInVideoPage
 INFO [main] (VerifyUpNexSectionInVideoPage.java:33) - ***********************************************
 INFO [main] (VerifyUpNexSectionInVideoPage.java:41) - Successfully opened the application
 INFO [main] (AssertionRepoFunctions.java:1377) - Video Section title 'What we're watching' is present in Home Page
 INFO [main] (VerifyUpNexSectionInVideoPage.java:54) - What we're watching video row is present in home page
 INFO [main] (PlayerPageFun.java:25) - Successfully clicked on video title form video section
 INFO [main] (AssertionRepoFunctions.java:136) - Successfully navigate to video page
 INFO [main] (VerifyUpNexSectionInVideoPage.java:77) - Up Next vidos section is prsent in Video page with videos
 INFO [main] (VerifyShowTitleInUpNextSectionInVideoPage.java:34) - Script: VerifyShowTitleInUpNextSectionInVideoPage
 INFO [main] (VerifyShowTitleInUpNextSectionInVideoPage.java:35) - ***********************************************
 INFO [main] (VerifyShowTitleInUpNextSectionInVideoPage.java:43) - Successfully opened the application
 INFO [main] (AssertionRepoFunctions.java:1377) - Video Section title 'What we're watching' is present in Home Page
 INFO [main] (VerifyShowTitleInUpNextSectionInVideoPage.java:56) - What we're watching video row is present in home page
 INFO [main] (PlayerPageFun.java:25) - Successfully clicked on video title form video section
 INFO [main] (AssertionRepoFunctions.java:136) - Successfully navigate to video page
 INFO [main] (VerifyShowTitleInUpNextSectionInVideoPage.java:82) - The show title displayed in Up Next section is 'linustechtips'
 INFO [main] (VerifyNavigatingToShowPageOnClickingShowTitleFromUpNextSection.java:35) - Script: VerifyNavigatingToShowPageOnClickingShowTitleFromUpNextSection
 INFO [main] (VerifyNavigatingToShowPageOnClickingShowTitleFromUpNextSection.java:36) - ***********************************************************************
 INFO [main] (VerifyNavigatingToShowPageOnClickingShowTitleFromUpNextSection.java:44) - Successfully opened the application
 INFO [main] (AssertionRepoFunctions.java:1377) - Video Section title 'What we're watching' is present in Home Page
 INFO [main] (VerifyNavigatingToShowPageOnClickingShowTitleFromUpNextSection.java:57) - What we're watching video row is present in home page
 INFO [main] (PlayerPageFun.java:25) - Successfully clicked on video title form video section
 INFO [main] (AssertionRepoFunctions.java:136) - Successfully navigate to video page
 INFO [main] (VerifyNavigatingToShowPageOnClickingShowTitleFromUpNextSection.java:83) - The show title displayed in Up Next section is 'linustechtips'
 INFO [main] (PlayerPageFun.java:365) - Successfully clicked on the show title linustechtips
 INFO [main] (AssertionRepoFunctions.java:304) - User is successfully navigate to Show detail page.
 INFO [main] (VerifyMetadataDisplayedMouseOverOnVideo.java:33) - Script: VerifyMetadataDisplayedMouseOverOnVideo
 INFO [main] (VerifyMetadataDisplayedMouseOverOnVideo.java:34) - ***********************************************
 INFO [main] (VerifyMetadataDisplayedMouseOverOnVideo.java:42) - Successfully opened the application
 INFO [main] (AssertionRepoFunctions.java:1377) - Video Section title 'What we're watching' is present in Home Page
 INFO [main] (VerifyMetadataDisplayedMouseOverOnVideo.java:56) - What we're watching video row is present in home page
 INFO [main] (PlayerPageFun.java:25) - Successfully clicked on video title form video section
 INFO [main] (AssertionRepoFunctions.java:136) - Successfully navigate to video page
 INFO [main] (AssertionRepoFunctions.java:169) - Video player is present in video page
 INFO [main] (VerifyMetadataDisplayedMouseOverOnVideo.java:83) - Verify video meta data is displayed over video on mouse over
 INFO [main] (VerifyClickingOnHomeFooterLinkFromVideoPageNavigatesHomePage.java:38) - Script: VerifyClickingOnHomeFooterLinkFromVideoPageNavigatesHomePage
 INFO [main] (VerifyClickingOnHomeFooterLinkFromVideoPageNavigatesHomePage.java:39) - *******************************************************************
 INFO [main] (VerifyClickingOnHomeFooterLinkFromVideoPageNavigatesHomePage.java:47) - Successfully opened the application
 INFO [main] (AssertionRepoFunctions.java:1377) - Video Section title 'What we're watching' is present in Home Page
 INFO [main] (VerifyClickingOnHomeFooterLinkFromVideoPageNavigatesHomePage.java:60) - What we're watching video row is present in home page
 INFO [main] (PlayerPageFun.java:25) - Successfully clicked on video title form video section
 INFO [main] (AssertionRepoFunctions.java:136) - Successfully navigate to video page
 INFO [main] (VerifyClickingOnHomeFooterLinkFromVideoPageNavigatesHomePage.java:83) - Home Link is present
 INFO [main] (FooterLinkFun.java:50) - Successfully clicked On Home link
 INFO [main] (VerifyClickingOnHomeFooterLinkFromVideoPageNavigatesHomePage.java:91) - Successfully Navigated to Home page after clicking on Home link from video page
 INFO [main] (VerifyUserNavigatingToHomePageLogoutFromVideoPage.java:37) - Script: VerifyUserNavigatingToHomePageLogoutFromVideoPage
 INFO [main] (VerifyUserNavigatingToHomePageLogoutFromVideoPage.java:38) - *********************************************************
 INFO [main] (VerifyUserNavigatingToHomePageLogoutFromVideoPage.java:46) - Successfully opened the application
 INFO [main] (LoginFun.java:44) - Login form opened successfully
 INFO [main] (LoginFun.java:52) - User name entered: watchable_v2.30.26.6@gmail.com
 INFO [main] (LoginFun.java:60) - Password entered: Demo1111
 INFO [main] (LoginFun.java:66) - Clicked on Login button from Login form
 INFO [main] (LoginFun.java:78) - Successfully login Watchable application...!
 INFO [main] (AssertionRepoFunctions.java:1377) - Video Section title 'What we're watching' is present in Home Page
 INFO [main] (VerifyUserNavigatingToHomePageLogoutFromVideoPage.java:65) - Featured video row is present in home page
 INFO [main] (PlayerPageFun.java:25) - Successfully clicked on video title form video section
 INFO [main] (VerifyUserNavigatingToHomePageLogoutFromVideoPage.java:97) - true
 INFO [main] (VerifyUserNavigatingToHomePageLogoutFromVideoPage.java:100) - play from start present
 INFO [main] (AssertionRepoFunctions.java:136) - Successfully navigate to video page
 INFO [main] (LoginFun.java:181) - Successfully Selected Logout option
 INFO [main] (LoginFun.java:189) - Successfully logout from the application...!
 INFO [main] (VerifyUserNavigatingToHomePageLogoutFromVideoPage.java:120) - Successfully navigate back to Home Page after logout from video Page
 INFO [main] (VerifyUserNavigatingToHomePageLogoutFromVideoPage.java:121) - 
]]></system-out>
  <system-err><![CDATA[Starting ChromeDriver (v2.9.248315) on port 9277
Starting ChromeDriver (v2.9.248315) on port 25774
Starting ChromeDriver (v2.9.248315) on port 39470
Starting ChromeDriver (v2.9.248315) on port 42787
Starting ChromeDriver (v2.9.248315) on port 31308
Starting ChromeDriver (v2.9.248315) on port 33129
Starting ChromeDriver (v2.9.248315) on port 26824
Starting ChromeDriver (v2.9.248315) on port 45944
Starting ChromeDriver (v2.9.248315) on port 40957
Starting ChromeDriver (v2.9.248315) on port 11567
Starting ChromeDriver (v2.9.248315) on port 48440
Starting ChromeDriver (v2.9.248315) on port 22258
Starting ChromeDriver (v2.9.248315) on port 20914
Starting ChromeDriver (v2.9.248315) on port 34112
Starting ChromeDriver (v2.9.248315) on port 19073
Starting ChromeDriver (v2.9.248315) on port 47069
Starting ChromeDriver (v2.9.248315) on port 29381
Starting ChromeDriver (v2.9.248315) on port 11206
Starting ChromeDriver (v2.9.248315) on port 48201
Starting ChromeDriver (v2.9.248315) on port 23576
Starting ChromeDriver (v2.9.248315) on port 45424
Starting ChromeDriver (v2.9.248315) on port 19352
Starting ChromeDriver (v2.9.248315) on port 1594
Starting ChromeDriver (v2.9.248315) on port 37174
Starting ChromeDriver (v2.9.248315) on port 14284
Starting ChromeDriver (v2.9.248315) on port 8965
Starting ChromeDriver (v2.9.248315) on port 8374
Starting ChromeDriver (v2.9.248315) on port 21544
Starting ChromeDriver (v2.9.248315) on port 11059
Starting ChromeDriver (v2.9.248315) on port 3817
Starting ChromeDriver (v2.9.248315) on port 7398
Starting ChromeDriver (v2.9.248315) on port 48361
Starting ChromeDriver (v2.9.248315) on port 11034
Starting ChromeDriver (v2.9.248315) on port 19340
Starting ChromeDriver (v2.9.248315) on port 48698
Starting ChromeDriver (v2.9.248315) on port 36969
Starting ChromeDriver (v2.9.248315) on port 46815
Starting ChromeDriver (v2.9.248315) on port 40392
Starting ChromeDriver (v2.9.248315) on port 17449
Starting ChromeDriver (v2.9.248315) on port 30261
Starting ChromeDriver (v2.9.248315) on port 41815
Starting ChromeDriver (v2.9.248315) on port 29262
Starting ChromeDriver (v2.9.248315) on port 13335
[0.974][SEVERE]: bind() returned an error: An attempt was made to access a socket in a way forbidden by its access permissions.
Starting ChromeDriver (v2.9.248315) on port 13123
Starting ChromeDriver (v2.9.248315) on port 11829
Starting ChromeDriver (v2.9.248315) on port 24893
Starting ChromeDriver (v2.9.248315) on port 7365
Starting ChromeDriver (v2.9.248315) on port 21562
Starting ChromeDriver (v2.9.248315) on port 30293
Starting ChromeDriver (v2.9.248315) on port 20267
Starting ChromeDriver (v2.9.248315) on port 20451
Starting ChromeDriver (v2.9.248315) on port 45255
Starting ChromeDriver (v2.9.248315) on port 22251
Starting ChromeDriver (v2.9.248315) on port 33668
Starting ChromeDriver (v2.9.248315) on port 16808
Starting ChromeDriver (v2.9.248315) on port 6268
Starting ChromeDriver (v2.9.248315) on port 15892
Starting ChromeDriver (v2.9.248315) on port 15885
Starting ChromeDriver (v2.9.248315) on port 45041
Starting ChromeDriver (v2.9.248315) on port 33956
Starting ChromeDriver (v2.9.248315) on port 42547
Starting ChromeDriver (v2.9.248315) on port 3593
Starting ChromeDriver (v2.9.248315) on port 35286
Starting ChromeDriver (v2.9.248315) on port 33755
Starting ChromeDriver (v2.9.248315) on port 26875
Starting ChromeDriver (v2.9.248315) on port 47419
Starting ChromeDriver (v2.9.248315) on port 40787
Starting ChromeDriver (v2.9.248315) on port 7840
Starting ChromeDriver (v2.9.248315) on port 20983
Starting ChromeDriver (v2.9.248315) on port 40207
Starting ChromeDriver (v2.9.248315) on port 40846
Starting ChromeDriver (v2.9.248315) on port 30389
Starting ChromeDriver (v2.9.248315) on port 9904
Starting ChromeDriver (v2.9.248315) on port 37286
Starting ChromeDriver (v2.9.248315) on port 48945
Starting ChromeDriver (v2.9.248315) on port 43055
Starting ChromeDriver (v2.9.248315) on port 38044
Starting ChromeDriver (v2.9.248315) on port 13463
Starting ChromeDriver (v2.9.248315) on port 16896
Starting ChromeDriver (v2.9.248315) on port 46137
Starting ChromeDriver (v2.9.248315) on port 7888
Starting ChromeDriver (v2.9.248315) on port 28729
Starting ChromeDriver (v2.9.248315) on port 29658
Starting ChromeDriver (v2.9.248315) on port 6873
Starting ChromeDriver (v2.9.248315) on port 44129
Starting ChromeDriver (v2.9.248315) on port 12888
Starting ChromeDriver (v2.9.248315) on port 7722
Starting ChromeDriver (v2.9.248315) on port 14633
Starting ChromeDriver (v2.9.248315) on port 25502
Starting ChromeDriver (v2.9.248315) on port 4193
Starting ChromeDriver (v2.9.248315) on port 16738
Starting ChromeDriver (v2.9.248315) on port 38643
Starting ChromeDriver (v2.9.248315) on port 20507
Starting ChromeDriver (v2.9.248315) on port 3931
Starting ChromeDriver (v2.9.248315) on port 13477
Starting ChromeDriver (v2.9.248315) on port 43342
Starting ChromeDriver (v2.9.248315) on port 2436
Starting ChromeDriver (v2.9.248315) on port 13880
Starting ChromeDriver (v2.9.248315) on port 21194
Starting ChromeDriver (v2.9.248315) on port 5625
Starting ChromeDriver (v2.9.248315) on port 38468
Starting ChromeDriver (v2.9.248315) on port 19988
Starting ChromeDriver (v2.9.248315) on port 10187
Starting ChromeDriver (v2.9.248315) on port 3673
Starting ChromeDriver (v2.9.248315) on port 3075
Starting ChromeDriver (v2.9.248315) on port 12802
Starting ChromeDriver (v2.9.248315) on port 27960
Starting ChromeDriver (v2.9.248315) on port 48446
Starting ChromeDriver (v2.9.248315) on port 40371
Starting ChromeDriver (v2.9.248315) on port 5664
Starting ChromeDriver (v2.9.248315) on port 28603
Starting ChromeDriver (v2.9.248315) on port 9250
Starting ChromeDriver (v2.9.248315) on port 44751
Starting ChromeDriver (v2.9.248315) on port 24287
Starting ChromeDriver (v2.9.248315) on port 42304
Starting ChromeDriver (v2.9.248315) on port 28937
Starting ChromeDriver (v2.9.248315) on port 27217
Starting ChromeDriver (v2.9.248315) on port 23316
Starting ChromeDriver (v2.9.248315) on port 7505
Starting ChromeDriver (v2.9.248315) on port 29481
Starting ChromeDriver (v2.9.248315) on port 42242
Starting ChromeDriver (v2.9.248315) on port 5419
Starting ChromeDriver (v2.9.248315) on port 12273
Starting ChromeDriver (v2.9.248315) on port 6105
Starting ChromeDriver (v2.9.248315) on port 36432
Starting ChromeDriver (v2.9.248315) on port 27073
Starting ChromeDriver (v2.9.248315) on port 40394
Starting ChromeDriver (v2.9.248315) on port 9071
Starting ChromeDriver (v2.9.248315) on port 35316
Starting ChromeDriver (v2.9.248315) on port 37474
Starting ChromeDriver (v2.9.248315) on port 9836
Starting ChromeDriver (v2.9.248315) on port 39791
Starting ChromeDriver (v2.9.248315) on port 11619
Starting ChromeDriver (v2.9.248315) on port 32702
Starting ChromeDriver (v2.9.248315) on port 25898
Starting ChromeDriver (v2.9.248315) on port 20489
Starting ChromeDriver (v2.9.248315) on port 41440
Starting ChromeDriver (v2.9.248315) on port 47722
Starting ChromeDriver (v2.9.248315) on port 22796
Starting ChromeDriver (v2.9.248315) on port 26615
Starting ChromeDriver (v2.9.248315) on port 7611
Starting ChromeDriver (v2.9.248315) on port 23363
Starting ChromeDriver (v2.9.248315) on port 7116
Starting ChromeDriver (v2.9.248315) on port 7789
Starting ChromeDriver (v2.9.248315) on port 3882
Starting ChromeDriver (v2.9.248315) on port 15696
Starting ChromeDriver (v2.9.248315) on port 39609
Starting ChromeDriver (v2.9.248315) on port 18305
Starting ChromeDriver (v2.9.248315) on port 7543
Starting ChromeDriver (v2.9.248315) on port 15229
Starting ChromeDriver (v2.9.248315) on port 14495
Starting ChromeDriver (v2.9.248315) on port 45517
Starting ChromeDriver (v2.9.248315) on port 45956
Starting ChromeDriver (v2.9.248315) on port 15836
Starting ChromeDriver (v2.9.248315) on port 19946
Starting ChromeDriver (v2.9.248315) on port 40586
Starting ChromeDriver (v2.9.248315) on port 9745
Starting ChromeDriver (v2.9.248315) on port 18060
Starting ChromeDriver (v2.9.248315) on port 7678
Starting ChromeDriver (v2.9.248315) on port 35812
Starting ChromeDriver (v2.9.248315) on port 41878
Starting ChromeDriver (v2.9.248315) on port 33422
Starting ChromeDriver (v2.9.248315) on port 22633
Starting ChromeDriver (v2.9.248315) on port 24349
Starting ChromeDriver (v2.9.248315) on port 3043
Starting ChromeDriver (v2.9.248315) on port 4688
Starting ChromeDriver (v2.9.248315) on port 45895
Starting ChromeDriver (v2.9.248315) on port 29293
Starting ChromeDriver (v2.9.248315) on port 23781
Starting ChromeDriver (v2.9.248315) on port 17997
Starting ChromeDriver (v2.9.248315) on port 30216
Starting ChromeDriver (v2.9.248315) on port 47952
Starting ChromeDriver (v2.9.248315) on port 45389
Starting ChromeDriver (v2.9.248315) on port 3095
Starting ChromeDriver (v2.9.248315) on port 34831
Starting ChromeDriver (v2.9.248315) on port 27840
Starting ChromeDriver (v2.9.248315) on port 17952
Starting ChromeDriver (v2.9.248315) on port 20510
Starting ChromeDriver (v2.9.248315) on port 7951
Starting ChromeDriver (v2.9.248315) on port 47475
Starting ChromeDriver (v2.9.248315) on port 4770
Starting ChromeDriver (v2.9.248315) on port 17535
Starting ChromeDriver (v2.9.248315) on port 11147
Starting ChromeDriver (v2.9.248315) on port 33841
Starting ChromeDriver (v2.9.248315) on port 20039
Starting ChromeDriver (v2.9.248315) on port 9670
Starting ChromeDriver (v2.9.248315) on port 24476
Starting ChromeDriver (v2.9.248315) on port 41774
Starting ChromeDriver (v2.9.248315) on port 38784
Starting ChromeDriver (v2.9.248315) on port 43395
Starting ChromeDriver (v2.9.248315) on port 19853
Starting ChromeDriver (v2.9.248315) on port 41650
Starting ChromeDriver (v2.9.248315) on port 15048
Starting ChromeDriver (v2.9.248315) on port 30418
Starting ChromeDriver (v2.9.248315) on port 7592
Starting ChromeDriver (v2.9.248315) on port 17790
Starting ChromeDriver (v2.9.248315) on port 14819
Starting ChromeDriver (v2.9.248315) on port 23802
Starting ChromeDriver (v2.9.248315) on port 25791
Starting ChromeDriver (v2.9.248315) on port 30076
Starting ChromeDriver (v2.9.248315) on port 20461
Starting ChromeDriver (v2.9.248315) on port 37309
Starting ChromeDriver (v2.9.248315) on port 46112
Starting ChromeDriver (v2.9.248315) on port 42973
Starting ChromeDriver (v2.9.248315) on port 2173
Starting ChromeDriver (v2.9.248315) on port 17253
Starting ChromeDriver (v2.9.248315) on port 47545
Starting ChromeDriver (v2.9.248315) on port 26117
Starting ChromeDriver (v2.9.248315) on port 20031
Starting ChromeDriver (v2.9.248315) on port 34793
Starting ChromeDriver (v2.9.248315) on port 22425
Starting ChromeDriver (v2.9.248315) on port 37320
Starting ChromeDriver (v2.9.248315) on port 31352
Starting ChromeDriver (v2.9.248315) on port 47319
Starting ChromeDriver (v2.9.248315) on port 2729
Starting ChromeDriver (v2.9.248315) on port 13857
Starting ChromeDriver (v2.9.248315) on port 34357
Starting ChromeDriver (v2.9.248315) on port 19153
Starting ChromeDriver (v2.9.248315) on port 4614
Starting ChromeDriver (v2.9.248315) on port 5030
Starting ChromeDriver (v2.9.248315) on port 48413
Starting ChromeDriver (v2.9.248315) on port 38663
Starting ChromeDriver (v2.9.248315) on port 39334
Starting ChromeDriver (v2.9.248315) on port 19757
Starting ChromeDriver (v2.9.248315) on port 39294
Starting ChromeDriver (v2.9.248315) on port 20026
Starting ChromeDriver (v2.9.248315) on port 48618
Starting ChromeDriver (v2.9.248315) on port 19282
Starting ChromeDriver (v2.9.248315) on port 20492
Starting ChromeDriver (v2.9.248315) on port 42219
Starting ChromeDriver (v2.9.248315) on port 29555
Starting ChromeDriver (v2.9.248315) on port 30151
Starting ChromeDriver (v2.9.248315) on port 44176
Starting ChromeDriver (v2.9.248315) on port 38896
[0.959][SEVERE]: bind() returned an error: An attempt was made to access a socket in a way forbidden by its access permissions.
Starting ChromeDriver (v2.9.248315) on port 7075
Starting ChromeDriver (v2.9.248315) on port 22101
Starting ChromeDriver (v2.9.248315) on port 37789
Starting ChromeDriver (v2.9.248315) on port 47651
]]></system-err>
</testsuite>
